{"meta": {"format": 3, "version": "7.16.0", "timestamp": "2026-09-08T14:22:29.648573", "branch_coverage": false, "show_contexts": false}, "files": {"freshkeeper/__init__.py": {"executed_lines": [], "summary": {"covered_lines": 0, "num_statements": 0, "percent_covered": 100.0, "percent_covered_display": "100", "missing_lines": 0, "excluded_lines": 0, "percent_statements_covered": 100.0, "percent_statements_covered_display": "100"}, "missing_lines": [], "excluded_lines": [], "functions": {"": {"executed_lines": [], "summary": {"covered_lines": 0, "num_statements": 0, "percent_covered": 100.0, "percent_covered_display": "100", "missing_lines": 0, "excluded_lines": 0, "percent_statements_covered": 100.0, "percent_statements_covered_display": "100"}, "missing_lines": [], "excluded_lines": [], "start_line": 1}}, "classes": {"": {"executed_lines": [], "summary": {"covered_lines": 0, "num_statements": 0, "percent_covered": 100.0, "percent_covered_display": "100", "missing_lines": 0, "excluded_lines": 0, "percent_statements_covered": 100.0, "percent_statements_covered_display": "100"}, "missing_lines": [], "excluded_lines": [], "start_line": 1}}}, "freshkeeper/acquisition/__init__.py": {"executed_lines": [], "summary": {"covered_lines": 0, "num_statements": 0, "percent_covered": 100.0, "percent_covered_display": "100", "missing_lines": 0, "excluded_lines": 0, "percent_statements_covered": 100.0, "percent_statements_covered_display": "100"}, "missing_lines": [], "excluded_lines": [], "functions": {"": {"executed_lines": [], "summary": {"covered_lines": 0, "num_statements": 0, "percent_covered": 100.0, "percent_covered_display": "100", "missing_lines": 0, "excluded_lines": 0, "percent_statements_covered": 100.0, "percent_statements_covered_display": "100"}, "missing_lines": [], "excluded_lines": [], "start_line": 1}}, "classes": {"": {"executed_lines": [], "summary": {"covered_lines": 0, "num_statements": 0, "percent_covered": 100.0, "percent_covered_display": "100", "missing_lines": 0, "excluded_lines": 0, "percent_statements_covered": 100.0, "percent_statements_covered_display": "100"}, "missing_lines": [], "excluded_lines": [], "start_line": 1}}}, "freshkeeper/acquisition/scheduler.py": {"executed_lines": [], "summary": {"covered_lines": 0, "num_statements": 29, "percent_covered": 0.0, "percent_covered_display": "0", "missing_lines": 29, "excluded_lines": 0, "percent_statements_covered": 0.0, "percent_statements_covered_display": "0"}, "missing_lines": [14, 16, 18, 20, 22, 24, 27, 28, 29, 30, 31, 33, 34, 35, 36, 38, 39, 40, 41, 45, 47, 48, 53, 54, 57, 58, 59, 61, 63], "excluded_lines": [], "functions": {"AcquisitionScheduler.__init__": {"executed_lines": [], "summary": {"covered_lines": 0, "num_statements": 3, "percent_covered": 0.0, "percent_covered_display": "0", "missing_lines": 3, "excluded_lines": 0, "percent_statements_covered": 0.0, "percent_statements_covered_display": "0"}, "missing_lines": [29, 30, 31], "excluded_lines": [], "start_line": 28}, "AcquisitionScheduler._tick": {"executed_lines": [], "summary": {"covered_lines": 0, "num_statements": 8, "percent_covered": 0.0, "percent_covered_display": "0", "missing_lines": 8, "excluded_lines": 0, "percent_statements_covered": 0.0, "percent_statements_covered_display": "0"}, "missing_lines": [34, 35, 36, 38, 39, 40, 41, 45], "excluded_lines": [], "start_line": 33}, "AcquisitionScheduler.start": {"executed_lines": [], "summary": {"covered_lines": 0, "num_statements": 3, "percent_covered": 0.0, "percent_covered_display": "0", "missing_lines": 3, "excluded_lines": 0, "percent_statements_covered": 0.0, "percent_statements_covered_display": "0"}, "missing_lines": [48, 53, 54], "excluded_lines": [], "start_line": 47}, "AcquisitionScheduler.stop": {"executed_lines": [], "summary": {"covered_lines": 0, "num_statements": 2, "percent_covered": 0.0, "percent_covered_display": "0", "missing_lines": 2, "excluded_lines": 0, "percent_statements_covered": 0.0, "percent_statements_covered_display": "0"}, "missing_lines": [58, 59], "excluded_lines": [], "start_line": 57}, "AcquisitionScheduler.run_once": {"executed_lines": [], "summary": {"covered_lines": 0, "num_statements": 1, "percent_covered": 0.0, "percent_covered_display": "0", "missing_lines": 1, "excluded_lines": 0, "percent_statements_covered": 0.0, "percent_statements_covered_display": "0"}, "missing_lines": [63], "excluded_lines": [], "start_line": 61}, "": {"executed_lines": [], "summary": {"covered_lines": 0, "num_statements": 12, "percent_covered": 0.0, "percent_covered_display": "0", "missing_lines": 12, "excluded_lines": 0, "percent_statements_covered": 0.0, "percent_statements_covered_display": "0"}, "missing_lines": [14, 16, 18, 20, 22, 24, 27, 28, 33, 47, 57, 61], "excluded_lines": [], "start_line": 1}}, "classes": {"AcquisitionScheduler": {"executed_lines": [], "summary": {"covered_lines": 0, "num_statements": 17, "percent_covered": 0.0, "percent_covered_display": "0", "missing_lines": 17, "excluded_lines": 0, "percent_statements_covered": 0.0, "percent_statements_covered_display": "0"}, "missing_lines": [29, 30, 31, 34, 35, 36, 38, 39, 40, 41, 45, 48, 53, 54, 58, 59, 63], "excluded_lines": [], "start_line": 27}, "": {"executed_lines": [], "summary": {"covered_lines": 0, "num_statements": 12, "percent_covered": 0.0, "percent_covered_display": "0", "missing_lines": 12, "excluded_lines": 0, "percent_statements_covered": 0.0, "percent_statements_covered_display": "0"}, "missing_lines": [14, 16, 18, 20, 22, 24, 27, 28, 33, 47, 57, 61], "excluded_lines": [], "start_line": 1}}}, "freshkeeper/alerts.py": {"executed_lines": [19, 21, 22, 23, 25, 28, 30, 32, 35, 37, 39, 42, 43, 44, 45, 48, 49, 50, 51, 52, 53, 54, 55, 58, 67, 68, 69, 70, 73, 86, 87, 89, 90, 91, 92, 94, 95, 96, 97, 98, 100, 104, 105, 107, 108, 109, 110, 113, 114, 118, 136, 138, 139, 140, 142, 143, 144, 146, 147, 148, 154, 155, 162, 163, 164, 171, 172, 179, 180, 181, 183, 185, 186, 187, 194, 197, 199, 202, 203], "summary": {"covered_lines": 79, "num_statements": 80, "percent_covered": 98.75, "percent_covered_display": "99", "missing_lines": 1, "excluded_lines": 0, "percent_statements_covered": 98.75, "percent_statements_covered_display": "99"}, "missing_lines": [99], "excluded_lines": [], "functions": {"freshness_score": {"executed_lines": [67, 68, 69, 70], "summary": {"covered_lines": 4, "num_statements": 4, "percent_covered": 100.0, "percent_covered_display": "100", "missing_lines": 0, "excluded_lines": 0, "percent_statements_covered": 100.0, "percent_statements_covered_display": "100"}, "missing_lines": [], "excluded_lines": [], "start_line": 58}, "estimate_days_remaining": {"executed_lines": [86, 87, 89, 90, 91, 92, 94, 95, 96, 97, 98, 100, 104, 105, 107, 108, 109, 110], "summary": {"covered_lines": 18, "num_statements": 19, "percent_covered": 94.73684210526316, "percent_covered_display": "95", "missing_lines": 1, "excluded_lines": 0, "percent_statements_covered": 94.73684210526316, "percent_statements_covered_display": "95"}, "missing_lines": [99], "excluded_lines": [], "start_line": 73}, "_confident": {"executed_lines": [114], "summary": {"covered_lines": 1, "num_statements": 1, "percent_covered": 100.0, "percent_covered_display": "100", "missing_lines": 0, "excluded_lines": 0, "percent_statements_covered": 100.0, "percent_statements_covered_display": "100"}, "missing_lines": [], "excluded_lines": [], "start_line": 113}, "evaluate_item": {"executed_lines": [136, 138, 139, 140, 142, 143, 144, 146, 147, 148, 154, 155, 162, 163, 164, 171, 172, 179, 180, 181, 183, 185, 186, 187, 194], "summary": {"covered_lines": 25, "num_statements": 25, "percent_covered": 100.0, "percent_covered_display": "100", "missing_lines": 0, "excluded_lines": 0, "percent_statements_covered": 100.0, "percent_statements_covered_display": "100"}, "missing_lines": [], "excluded_lines": [], "start_line": 118}, "_aware": {"executed_lines": [199], "summary": {"covered_lines": 1, "num_statements": 1, "percent_covered": 100.0, "percent_covered_display": "100", "missing_lines": 0, "excluded_lines": 0, "percent_statements_covered": 100.0, "percent_statements_covered_display": "100"}, "missing_lines": [], "excluded_lines": [], "start_line": 197}, "snooze_until": {"executed_lines": [203], "summary": {"covered_lines": 1, "num_statements": 1, "percent_covered": 100.0, "percent_covered_display": "100", "missing_lines": 0, "excluded_lines": 0, "percent_statements_covered": 100.0, "percent_statements_covered_display": "100"}, "missing_lines": [], "excluded_lines": [], "start_line": 202}, "": {"executed_lines": [19, 21, 22, 23, 25, 28, 30, 32, 35, 37, 39, 42, 43, 44, 45, 48, 49, 50, 51, 52, 53, 54, 55, 58, 73, 113, 118, 197, 202], "summary": {"covered_lines": 29, "num_statements": 29, "percent_covered": 100.0, "percent_covered_display": "100", "missing_lines": 0, "excluded_lines": 0, "percent_statements_covered": 100.0, "percent_statements_covered_display": "100"}, "missing_lines": [], "excluded_lines": [], "start_line": 1}}, "classes": {"AlertType": {"executed_lines": [], "summary": {"covered_lines": 0, "num_statements": 0, "percent_covered": 100.0, "percent_covered_display": "100", "missing_lines": 0, "excluded_lines": 0, "percent_statements_covered": 100.0, "percent_statements_covered_display": "100"}, "missing_lines": [], "excluded_lines": [], "start_line": 42}, "Alert": {"executed_lines": [], "summary": {"covered_lines": 0, "num_statements": 0, "percent_covered": 100.0, "percent_covered_display": "100", "missing_lines": 0, "excluded_lines": 0, "percent_statements_covered": 100.0, "percent_statements_covered_display": "100"}, "missing_lines": [], "excluded_lines": [], "start_line": 49}, "": {"executed_lines": [19, 21, 22, 23, 25, 28, 30, 32, 35, 37, 39, 42, 43, 44, 45, 48, 49, 50, 51, 52, 53, 54, 55, 58, 67, 68, 69, 70, 73, 86, 87, 89, 90, 91, 92, 94, 95, 96, 97, 98, 100, 104, 105, 107, 108, 109, 110, 113, 114, 118, 136, 138, 139, 140, 142, 143, 144, 146, 147, 148, 154, 155, 162, 163, 164, 171, 172, 179, 180, 181, 183, 185, 186, 187, 194, 197, 199, 202, 203], "summary": {"covered_lines": 79, "num_statements": 80, "percent_covered": 98.75, "percent_covered_display": "99", "missing_lines": 1, "excluded_lines": 0, "percent_statements_covered": 98.75, "percent_statements_covered_display": "99"}, "missing_lines": [99], "excluded_lines": [], "start_line": 1}}}, "freshkeeper/api/__init__.py": {"executed_lines": [], "summary": {"covered_lines": 0, "num_statements": 0, "percent_covered": 100.0, "percent_covered_display": "100", "missing_lines": 0, "excluded_lines": 0, "percent_statements_covered": 100.0, "percent_statements_covered_display": "100"}, "missing_lines": [], "excluded_lines": [], "functions": {"": {"executed_lines": [], "summary": {"covered_lines": 0, "num_statements": 0, "percent_covered": 100.0, "percent_covered_display": "100", "missing_lines": 0, "excluded_lines": 0, "percent_statements_covered": 100.0, "percent_statements_covered_display": "100"}, "missing_lines": [], "excluded_lines": [], "start_line": 1}}, "classes": {"": {"executed_lines": [], "summary": {"covered_lines": 0, "num_statements": 0, "percent_covered": 100.0, "percent_covered_display": "100", "missing_lines": 0, "excluded_lines": 0, "percent_statements_covered": 100.0, "percent_statements_covered_display": "100"}, "missing_lines": [], "excluded_lines": [], "start_line": 1}}}, "freshkeeper/api/app.py": {"executed_lines": [26, 28, 29, 30, 31, 33, 34, 36, 39, 43, 45, 48, 59, 60, 61, 62, 64, 65, 66, 68, 69, 70, 71, 72, 75, 76, 77, 78, 82, 83, 84, 86, 87, 92, 93, 94, 100, 101, 108, 109, 110, 115, 140, 141, 142, 143, 144, 148, 150, 151, 152, 153, 154, 155, 156, 157, 158, 159, 160, 161, 162, 163, 165, 166, 171, 172, 177, 181, 182, 183, 185, 186, 187, 188, 189, 190, 191, 203, 204, 205, 206, 207, 208, 209, 211, 212, 213, 215, 216, 218, 219, 224, 230, 231, 232, 238, 243, 246, 247, 248, 249, 250, 251, 253, 254, 257, 258, 259, 260, 261, 262, 263, 264, 265, 266, 267, 269, 270, 272, 273, 274, 289, 290, 291, 315, 316, 317, 318, 319, 320, 321, 322, 324, 325, 337, 338, 339, 340, 341, 343, 345, 346, 347, 350, 351, 352, 353, 354, 355, 356, 357, 358, 360, 361, 362, 363, 364, 365, 368], "summary": {"covered_lines": 159, "num_statements": 186, "percent_covered": 85.48387096774194, "percent_covered_display": "85", "missing_lines": 27, "excluded_lines": 0, "percent_statements_covered": 85.48387096774194, "percent_statements_covered_display": "85"}, "missing_lines": [88, 192, 193, 201, 214, 233, 234, 235, 236, 252, 268, 275, 276, 277, 281, 292, 293, 294, 296, 297, 302, 303, 304, 306, 307, 313, 366], "excluded_lines": [], "functions": {"create_app": {"executed_lines": [59, 60, 61, 62, 64, 65, 66, 68, 69, 82, 83, 86, 87, 92, 93, 100, 108, 140, 141, 142, 150, 151, 152, 185, 186, 187, 203, 204, 205, 246, 247, 248, 257, 258, 259, 272, 273, 274, 289, 290, 291, 315, 316, 317, 337, 338, 339, 345, 346, 347, 360, 361, 362, 368], "summary": {"covered_lines": 54, "num_statements": 54, "percent_covered": 100.0, "percent_covered_display": "100", "missing_lines": 0, "excluded_lines": 0, "percent_statements_covered": 100.0, "percent_statements_covered_display": "100"}, "missing_lines": [], "excluded_lines": [], "start_line": 48}, "create_app.require_token": {"executed_lines": [70, 78], "summary": {"covered_lines": 2, "num_statements": 2, "percent_covered": 100.0, "percent_covered_display": "100", "missing_lines": 0, "excluded_lines": 0, "percent_statements_covered": 100.0, "percent_statements_covered_display": "100"}, "missing_lines": [], "excluded_lines": [], "start_line": 68}, "create_app.require_token.wrapper": {"executed_lines": [71, 72, 75, 76, 77], "summary": {"covered_lines": 5, "num_statements": 5, "percent_covered": 100.0, "percent_covered_display": "100", "missing_lines": 0, "excluded_lines": 0, "percent_statements_covered": 100.0, "percent_statements_covered_display": "100"}, "missing_lines": [], "excluded_lines": [], "start_line": 70}, "create_app.index": {"executed_lines": [84], "summary": {"covered_lines": 1, "num_statements": 1, "percent_covered": 100.0, "percent_covered_display": "100", "missing_lines": 0, "excluded_lines": 0, "percent_statements_covered": 100.0, "percent_statements_covered_display": "100"}, "missing_lines": [], "excluded_lines": [], "start_line": 83}, "create_app.static_files": {"executed_lines": [], "summary": {"covered_lines": 0, "num_statements": 1, "percent_covered": 0.0, "percent_covered_display": "0", "missing_lines": 1, "excluded_lines": 0, "percent_statements_covered": 0.0, "percent_statements_covered_display": "0"}, "missing_lines": [88], "excluded_lines": [], "start_line": 87}, "create_app.health": {"executed_lines": [94], "summary": {"covered_lines": 1, "num_statements": 1, "percent_covered": 100.0, "percent_covered_display": "100", "missing_lines": 0, "excluded_lines": 0, "percent_statements_covered": 100.0, "percent_statements_covered_display": "100"}, "missing_lines": [], "excluded_lines": [], "start_line": 93}, "create_app._latest_prediction": {"executed_lines": [101], "summary": {"covered_lines": 1, "num_statements": 1, "percent_covered": 100.0, "percent_covered_display": "100", "missing_lines": 0, "excluded_lines": 0, "percent_statements_covered": 100.0, "percent_statements_covered_display": "100"}, "missing_lines": [], "excluded_lines": [], "start_line": 100}, "create_app._serialise": {"executed_lines": [109, 110, 115], "summary": {"covered_lines": 3, "num_statements": 3, "percent_covered": 100.0, "percent_covered_display": "100", "missing_lines": 0, "excluded_lines": 0, "percent_statements_covered": 100.0, "percent_statements_covered_display": "100"}, "missing_lines": [], "excluded_lines": [], "start_line": 108}, "create_app.list_items": {"executed_lines": [143, 144, 148], "summary": {"covered_lines": 3, "num_statements": 3, "percent_covered": 100.0, "percent_covered_display": "100", "missing_lines": 0, "excluded_lines": 0, "percent_statements_covered": 100.0, "percent_statements_covered_display": "100"}, "missing_lines": [], "excluded_lines": [], "start_line": 142}, "create_app.add_item": {"executed_lines": [153, 154, 155, 156, 157, 158, 159, 160, 161, 162, 163, 165, 166, 171, 172, 177, 181, 182, 183], "summary": {"covered_lines": 19, "num_statements": 19, "percent_covered": 100.0, "percent_covered_display": "100", "missing_lines": 0, "excluded_lines": 0, "percent_statements_covered": 100.0, "percent_statements_covered_display": "100"}, "missing_lines": [], "excluded_lines": [], "start_line": 152}, "create_app.get_item": {"executed_lines": [188, 189, 190, 191], "summary": {"covered_lines": 4, "num_statements": 7, "percent_covered": 57.142857142857146, "percent_covered_display": "57", "missing_lines": 3, "excluded_lines": 0, "percent_statements_covered": 57.142857142857146, "percent_statements_covered_display": "57"}, "missing_lines": [192, 193, 201], "excluded_lines": [], "start_line": 187}, "create_app.consume": {"executed_lines": [206, 207, 208, 209, 211, 212, 213, 215, 216, 218, 219, 224, 230, 231, 232, 238, 243], "summary": {"covered_lines": 17, "num_statements": 22, "percent_covered": 77.27272727272727, "percent_covered_display": "77", "missing_lines": 5, "excluded_lines": 0, "percent_statements_covered": 77.27272727272727, "percent_statements_covered_display": "77"}, "missing_lines": [214, 233, 234, 235, 236], "excluded_lines": [], "start_line": 205}, "create_app.snooze": {"executed_lines": [249, 250, 251, 253, 254], "summary": {"covered_lines": 5, "num_statements": 6, "percent_covered": 83.33333333333333, "percent_covered_display": "83", "missing_lines": 1, "excluded_lines": 0, "percent_statements_covered": 83.33333333333333, "percent_statements_covered_display": "83"}, "missing_lines": [252], "excluded_lines": [], "start_line": 248}, "create_app.override": {"executed_lines": [260, 261, 262, 263, 264, 265, 266, 267, 269, 270], "summary": {"covered_lines": 10, "num_statements": 11, "percent_covered": 90.9090909090909, "percent_covered_display": "91", "missing_lines": 1, "excluded_lines": 0, "percent_statements_covered": 90.9090909090909, "percent_statements_covered_display": "91"}, "missing_lines": [268], "excluded_lines": [], "start_line": 259}, "create_app.readings": {"executed_lines": [], "summary": {"covered_lines": 0, "num_statements": 4, "percent_covered": 0.0, "percent_covered_display": "0", "missing_lines": 4, "excluded_lines": 0, "percent_statements_covered": 0.0, "percent_statements_covered_display": "0"}, "missing_lines": [275, 276, 277, 281], "excluded_lines": [], "start_line": 274}, "create_app.alerts": {"executed_lines": [], "summary": {"covered_lines": 0, "num_statements": 11, "percent_covered": 0.0, "percent_covered_display": "0", "missing_lines": 11, "excluded_lines": 0, "percent_statements_covered": 0.0, "percent_statements_covered_display": "0"}, "missing_lines": [292, 293, 294, 296, 297, 302, 303, 304, 306, 307, 313], "excluded_lines": [], "start_line": 291}, "create_app.stats": {"executed_lines": [318, 319, 320, 321, 322, 324, 325], "summary": {"covered_lines": 7, "num_statements": 7, "percent_covered": 100.0, "percent_covered_display": "100", "missing_lines": 0, "excluded_lines": 0, "percent_statements_covered": 100.0, "percent_statements_covered_display": "100"}, "missing_lines": [], "excluded_lines": [], "start_line": 317}, "create_app.get_settings": {"executed_lines": [340, 341, 343], "summary": {"covered_lines": 3, "num_statements": 3, "percent_covered": 100.0, "percent_covered_display": "100", "missing_lines": 0, "excluded_lines": 0, "percent_statements_covered": 100.0, "percent_statements_covered_display": "100"}, "missing_lines": [], "excluded_lines": [], "start_line": 339}, "create_app.set_settings": {"executed_lines": [350, 351, 352, 353, 354, 355, 356, 357, 358], "summary": {"covered_lines": 9, "num_statements": 9, "percent_covered": 100.0, "percent_covered_display": "100", "missing_lines": 0, "excluded_lines": 0, "percent_statements_covered": 100.0, "percent_statements_covered_display": "100"}, "missing_lines": [], "excluded_lines": [], "start_line": 347}, "create_app.cycle": {"executed_lines": [363, 364, 365], "summary": {"covered_lines": 3, "num_statements": 4, "percent_covered": 75.0, "percent_covered_display": "75", "missing_lines": 1, "excluded_lines": 0, "percent_statements_covered": 75.0, "percent_statements_covered_display": "75"}, "missing_lines": [366], "excluded_lines": [], "start_line": 362}, "": {"executed_lines": [26, 28, 29, 30, 31, 33, 34, 36, 39, 43, 45, 48], "summary": {"covered_lines": 12, "num_statements": 12, "percent_covered": 100.0, "percent_covered_display": "100", "missing_lines": 0, "excluded_lines": 0, "percent_statements_covered": 100.0, "percent_statements_covered_display": "100"}, "missing_lines": [], "excluded_lines": [], "start_line": 1}}, "classes": {"": {"executed_lines": [26, 28, 29, 30, 31, 33, 34, 36, 39, 43, 45, 48, 59, 60, 61, 62, 64, 65, 66, 68, 69, 70, 71, 72, 75, 76, 77, 78, 82, 83, 84, 86, 87, 92, 93, 94, 100, 101, 108, 109, 110, 115, 140, 141, 142, 143, 144, 148, 150, 151, 152, 153, 154, 155, 156, 157, 158, 159, 160, 161, 162, 163, 165, 166, 171, 172, 177, 181, 182, 183, 185, 186, 187, 188, 189, 190, 191, 203, 204, 205, 206, 207, 208, 209, 211, 212, 213, 215, 216, 218, 219, 224, 230, 231, 232, 238, 243, 246, 247, 248, 249, 250, 251, 253, 254, 257, 258, 259, 260, 261, 262, 263, 264, 265, 266, 267, 269, 270, 272, 273, 274, 289, 290, 291, 315, 316, 317, 318, 319, 320, 321, 322, 324, 325, 337, 338, 339, 340, 341, 343, 345, 346, 347, 350, 351, 352, 353, 354, 355, 356, 357, 358, 360, 361, 362, 363, 364, 365, 368], "summary": {"covered_lines": 159, "num_statements": 186, "percent_covered": 85.48387096774194, "percent_covered_display": "85", "missing_lines": 27, "excluded_lines": 0, "percent_statements_covered": 85.48387096774194, "percent_statements_covered_display": "85"}, "missing_lines": [88, 192, 193, 201, 214, 233, 234, 235, 236, 252, 268, 275, 276, 277, 281, 292, 293, 294, 296, 297, 302, 303, 304, 306, 307, 313, 366], "excluded_lines": [], "start_line": 1}}}, "freshkeeper/db/__init__.py": {"executed_lines": [], "summary": {"covered_lines": 0, "num_statements": 0, "percent_covered": 100.0, "percent_covered_display": "100", "missing_lines": 0, "excluded_lines": 0, "percent_statements_covered": 100.0, "percent_statements_covered_display": "100"}, "missing_lines": [], "excluded_lines": [], "functions": {"": {"executed_lines": [], "summary": {"covered_lines": 0, "num_statements": 0, "percent_covered": 100.0, "percent_covered_display": "100", "missing_lines": 0, "excluded_lines": 0, "percent_statements_covered": 100.0, "percent_statements_covered_display": "100"}, "missing_lines": [], "excluded_lines": [], "start_line": 1}}, "classes": {"": {"executed_lines": [], "summary": {"covered_lines": 0, "num_statements": 0, "percent_covered": 100.0, "percent_covered_display": "100", "missing_lines": 0, "excluded_lines": 0, "percent_statements_covered": 100.0, "percent_statements_covered_display": "100"}, "missing_lines": [], "excluded_lines": [], "start_line": 1}}}, "freshkeeper/db/maintenance.py": {"executed_lines": [9, 11, 13, 15, 16, 18, 19, 22, 26, 27, 28, 32, 36], "summary": {"covered_lines": 13, "num_statements": 13, "percent_covered": 100.0, "percent_covered_display": "100", "missing_lines": 0, "excluded_lines": 0, "percent_statements_covered": 100.0, "percent_statements_covered_display": "100"}, "missing_lines": [], "excluded_lines": [], "functions": {"purge_expired": {"executed_lines": [26, 27, 28, 32, 36], "summary": {"covered_lines": 5, "num_statements": 5, "percent_covered": 100.0, "percent_covered_display": "100", "missing_lines": 0, "excluded_lines": 0, "percent_statements_covered": 100.0, "percent_statements_covered_display": "100"}, "missing_lines": [], "excluded_lines": [], "start_line": 22}, "": {"executed_lines": [9, 11, 13, 15, 16, 18, 19, 22], "summary": {"covered_lines": 8, "num_statements": 8, "percent_covered": 100.0, "percent_covered_display": "100", "missing_lines": 0, "excluded_lines": 0, "percent_statements_covered": 100.0, "percent_statements_covered_display": "100"}, "missing_lines": [], "excluded_lines": [], "start_line": 1}}, "classes": {"": {"executed_lines": [9, 11, 13, 15, 16, 18, 19, 22, 26, 27, 28, 32, 36], "summary": {"covered_lines": 13, "num_statements": 13, "percent_covered": 100.0, "percent_covered_display": "100", "missing_lines": 0, "excluded_lines": 0, "percent_statements_covered": 100.0, "percent_statements_covered_display": "100"}, "missing_lines": [], "excluded_lines": [], "start_line": 1}}}, "freshkeeper/db/models.py": {"executed_lines": [22, 24, 25, 27, 30, 33, 34, 37, 38, 41, 44, 45, 46, 49, 50, 51, 52, 55, 58, 59, 62, 65, 67, 68, 69, 71, 72, 73, 74, 77, 79, 82, 84, 87, 92, 96, 105, 107, 108, 109, 111, 112, 113, 114, 115, 116, 117, 119, 128, 131, 133, 134, 136, 138, 139, 140, 141, 143, 146, 148, 150, 152, 159, 167, 169, 170, 172, 174, 176, 178, 179, 181], "summary": {"covered_lines": 72, "num_statements": 73, "percent_covered": 98.63013698630137, "percent_covered_display": "99", "missing_lines": 1, "excluded_lines": 0, "percent_statements_covered": 98.63013698630137, "percent_statements_covered_display": "99"}, "missing_lines": [93], "excluded_lines": [], "functions": {"utcnow": {"executed_lines": [38], "summary": {"covered_lines": 1, "num_statements": 1, "percent_covered": 100.0, "percent_covered_display": "100", "missing_lines": 0, "excluded_lines": 0, "percent_statements_covered": 100.0, "percent_statements_covered_display": "100"}, "missing_lines": [], "excluded_lines": [], "start_line": 37}, "FoodItem.__repr__": {"executed_lines": [], "summary": {"covered_lines": 0, "num_statements": 1, "percent_covered": 0.0, "percent_covered_display": "0", "missing_lines": 1, "excluded_lines": 0, "percent_statements_covered": 0.0, "percent_statements_covered_display": "0"}, "missing_lines": [93], "excluded_lines": [], "start_line": 92}, "": {"executed_lines": [22, 24, 25, 27, 30, 33, 34, 37, 41, 44, 45, 46, 49, 50, 51, 52, 55, 58, 59, 62, 65, 67, 68, 69, 71, 72, 73, 74, 77, 79, 82, 84, 87, 92, 96, 105, 107, 108, 109, 111, 112, 113, 114, 115, 116, 117, 119, 128, 131, 133, 134, 136, 138, 139, 140, 141, 143, 146, 148, 150, 152, 159, 167, 169, 170, 172, 174, 176, 178, 179, 181], "summary": {"covered_lines": 71, "num_statements": 71, "percent_covered": 100.0, "percent_covered_display": "100", "missing_lines": 0, "excluded_lines": 0, "percent_statements_covered": 100.0, "percent_statements_covered_display": "100"}, "missing_lines": [], "excluded_lines": [], "start_line": 1}}, "classes": {"Base": {"executed_lines": [], "summary": {"covered_lines": 0, "num_statements": 0, "percent_covered": 100.0, "percent_covered_display": "100", "missing_lines": 0, "excluded_lines": 0, "percent_statements_covered": 100.0, "percent_statements_covered_display": "100"}, "missing_lines": [], "excluded_lines": [], "start_line": 33}, "SpoilageState": {"executed_lines": [], "summary": {"covered_lines": 0, "num_statements": 0, "percent_covered": 100.0, "percent_covered_display": "100", "missing_lines": 0, "excluded_lines": 0, "percent_statements_covered": 100.0, "percent_statements_covered_display": "100"}, "missing_lines": [], "excluded_lines": [], "start_line": 41}, "ItemStatus": {"executed_lines": [], "summary": {"covered_lines": 0, "num_statements": 0, "percent_covered": 100.0, "percent_covered_display": "100", "missing_lines": 0, "excluded_lines": 0, "percent_statements_covered": 100.0, "percent_statements_covered_display": "100"}, "missing_lines": [], "excluded_lines": [], "start_line": 49}, "Outcome": {"executed_lines": [], "summary": {"covered_lines": 0, "num_statements": 0, "percent_covered": 100.0, "percent_covered_display": "100", "missing_lines": 0, "excluded_lines": 0, "percent_statements_covered": 100.0, "percent_statements_covered_display": "100"}, "missing_lines": [], "excluded_lines": [], "start_line": 55}, "FoodItem": {"executed_lines": [], "summary": {"covered_lines": 0, "num_statements": 1, "percent_covered": 0.0, "percent_covered_display": "0", "missing_lines": 1, "excluded_lines": 0, "percent_statements_covered": 0.0, "percent_statements_covered_display": "0"}, "missing_lines": [93], "excluded_lines": [], "start_line": 62}, "SensorReading": {"executed_lines": [], "summary": {"covered_lines": 0, "num_statements": 0, "percent_covered": 100.0, "percent_covered_display": "100", "missing_lines": 0, "excluded_lines": 0, "percent_statements_covered": 100.0, "percent_statements_covered_display": "100"}, "missing_lines": [], "excluded_lines": [], "start_line": 96}, "SpoilagePrediction": {"executed_lines": [], "summary": {"covered_lines": 0, "num_statements": 0, "percent_covered": 100.0, "percent_covered_display": "100", "missing_lines": 0, "excluded_lines": 0, "percent_statements_covered": 100.0, "percent_statements_covered_display": "100"}, "missing_lines": [], "excluded_lines": [], "start_line": 128}, "ConsumptionEvent": {"executed_lines": [], "summary": {"covered_lines": 0, "num_statements": 0, "percent_covered": 100.0, "percent_covered_display": "100", "missing_lines": 0, "excluded_lines": 0, "percent_statements_covered": 100.0, "percent_statements_covered_display": "100"}, "missing_lines": [], "excluded_lines": [], "start_line": 159}, "": {"executed_lines": [22, 24, 25, 27, 30, 33, 34, 37, 38, 41, 44, 45, 46, 49, 50, 51, 52, 55, 58, 59, 62, 65, 67, 68, 69, 71, 72, 73, 74, 77, 79, 82, 84, 87, 92, 96, 105, 107, 108, 109, 111, 112, 113, 114, 115, 116, 117, 119, 128, 131, 133, 134, 136, 138, 139, 140, 141, 143, 146, 148, 150, 152, 159, 167, 169, 170, 172, 174, 176, 178, 179, 181], "summary": {"covered_lines": 72, "num_statements": 72, "percent_covered": 100.0, "percent_covered_display": "100", "missing_lines": 0, "excluded_lines": 0, "percent_statements_covered": 100.0, "percent_statements_covered_display": "100"}, "missing_lines": [], "excluded_lines": [], "start_line": 1}}}, "freshkeeper/db/session.py": {"executed_lines": [3, 5, 6, 8, 9, 11, 13, 16, 24, 25, 31, 34, 35, 36, 37, 38, 40, 41, 43, 46, 47, 50, 51, 54, 55, 57, 58, 59, 60, 65], "summary": {"covered_lines": 30, "num_statements": 37, "percent_covered": 81.08108108108108, "percent_covered_display": "81", "missing_lines": 7, "excluded_lines": 0, "percent_statements_covered": 81.08108108108108, "percent_statements_covered_display": "81"}, "missing_lines": [27, 28, 29, 39, 61, 62, 63], "excluded_lines": [], "functions": {"make_engine": {"executed_lines": [24, 25, 31, 34, 35, 43], "summary": {"covered_lines": 6, "num_statements": 9, "percent_covered": 66.66666666666667, "percent_covered_display": "67", "missing_lines": 3, "excluded_lines": 0, "percent_statements_covered": 66.66666666666667, "percent_statements_covered_display": "67"}, "missing_lines": [27, 28, 29], "excluded_lines": [], "start_line": 16}, "make_engine._set_pragmas": {"executed_lines": [36, 37, 38, 40, 41], "summary": {"covered_lines": 5, "num_statements": 6, "percent_covered": 83.33333333333333, "percent_covered_display": "83", "missing_lines": 1, "excluded_lines": 0, "percent_statements_covered": 83.33333333333333, "percent_statements_covered_display": "83"}, "missing_lines": [39], "excluded_lines": [], "start_line": 35}, "init_db": {"executed_lines": [47], "summary": {"covered_lines": 1, "num_statements": 1, "percent_covered": 100.0, "percent_covered_display": "100", "missing_lines": 0, "excluded_lines": 0, "percent_statements_covered": 100.0, "percent_statements_covered_display": "100"}, "missing_lines": [], "excluded_lines": [], "start_line": 46}, "make_session_factory": {"executed_lines": [51], "summary": {"covered_lines": 1, "num_statements": 1, "percent_covered": 100.0, "percent_covered_display": "100", "missing_lines": 0, "excluded_lines": 0, "percent_statements_covered": 100.0, "percent_statements_covered_display": "100"}, "missing_lines": [], "excluded_lines": [], "start_line": 50}, "session_scope": {"executed_lines": [57, 58, 59, 60, 65], "summary": {"covered_lines": 5, "num_statements": 8, "percent_covered": 62.5, "percent_covered_display": "62", "missing_lines": 3, "excluded_lines": 0, "percent_statements_covered": 62.5, "percent_statements_covered_display": "62"}, "missing_lines": [61, 62, 63], "excluded_lines": [], "start_line": 55}, "": {"executed_lines": [3, 5, 6, 8, 9, 11, 13, 16, 46, 50, 54, 55], "summary": {"covered_lines": 12, "num_statements": 12, "percent_covered": 100.0, "percent_covered_display": "100", "missing_lines": 0, "excluded_lines": 0, "percent_statements_covered": 100.0, "percent_statements_covered_display": "100"}, "missing_lines": [], "excluded_lines": [], "start_line": 1}}, "classes": {"": {"executed_lines": [3, 5, 6, 8, 9, 11, 13, 16, 24, 25, 31, 34, 35, 36, 37, 38, 40, 41, 43, 46, 47, 50, 51, 54, 55, 57, 58, 59, 60, 65], "summary": {"covered_lines": 30, "num_statements": 37, "percent_covered": 81.08108108108108, "percent_covered_display": "81", "missing_lines": 7, "excluded_lines": 0, "percent_statements_covered": 81.08108108108108, "percent_statements_covered_display": "81"}, "missing_lines": [27, 28, 29, 39, 61, 62, 63], "excluded_lines": [], "start_line": 1}}}, "freshkeeper/hardware/__init__.py": {"executed_lines": [], "summary": {"covered_lines": 0, "num_statements": 0, "percent_covered": 100.0, "percent_covered_display": "100", "missing_lines": 0, "excluded_lines": 0, "percent_statements_covered": 100.0, "percent_statements_covered_display": "100"}, "missing_lines": [], "excluded_lines": [], "functions": {"": {"executed_lines": [], "summary": {"covered_lines": 0, "num_statements": 0, "percent_covered": 100.0, "percent_covered_display": "100", "missing_lines": 0, "excluded_lines": 0, "percent_statements_covered": 100.0, "percent_statements_covered_display": "100"}, "missing_lines": [], "excluded_lines": [], "start_line": 1}}, "classes": {"": {"executed_lines": [], "summary": {"covered_lines": 0, "num_statements": 0, "percent_covered": 100.0, "percent_covered_display": "100", "missing_lines": 0, "excluded_lines": 0, "percent_statements_covered": 100.0, "percent_statements_covered_display": "100"}, "missing_lines": [], "excluded_lines": [], "start_line": 1}}}, "freshkeeper/hardware/base.py": {"executed_lines": [14, 16, 17, 18, 21, 22, 25, 26, 27, 28, 30, 32, 33, 36, 38, 40, 41, 42, 43, 45, 52, 63, 72, 76, 79, 81, 82, 90, 91, 94, 95, 98, 100, 101, 103, 107, 114], "summary": {"covered_lines": 37, "num_statements": 37, "percent_covered": 100.0, "percent_covered_display": "100", "missing_lines": 0, "excluded_lines": 0, "percent_statements_covered": 100.0, "percent_statements_covered_display": "100"}, "missing_lines": [], "excluded_lines": [], "functions": {"SensorSample.to_dict": {"executed_lines": [41, 42, 43], "summary": {"covered_lines": 3, "num_statements": 3, "percent_covered": 100.0, "percent_covered_display": "100", "missing_lines": 0, "excluded_lines": 0, "percent_statements_covered": 100.0, "percent_statements_covered_display": "100"}, "missing_lines": [], "excluded_lines": [], "start_line": 40}, "SensorSample.feature_vector": {"executed_lines": [52], "summary": {"covered_lines": 1, "num_statements": 1, "percent_covered": 100.0, "percent_covered_display": "100", "missing_lines": 0, "excluded_lines": 0, "percent_statements_covered": 100.0, "percent_statements_covered_display": "100"}, "missing_lines": [], "excluded_lines": [], "start_line": 45}, "SensorBackend.warm_up": {"executed_lines": [], "summary": {"covered_lines": 0, "num_statements": 0, "percent_covered": 100.0, "percent_covered_display": "100", "missing_lines": 0, "excluded_lines": 0, "percent_statements_covered": 100.0, "percent_statements_covered_display": "100"}, "missing_lines": [], "excluded_lines": [], "start_line": 82}, "SensorBackend.read_slot": {"executed_lines": [], "summary": {"covered_lines": 0, "num_statements": 0, "percent_covered": 100.0, "percent_covered_display": "100", "missing_lines": 0, "excluded_lines": 0, "percent_statements_covered": 100.0, "percent_statements_covered_display": "100"}, "missing_lines": [], "excluded_lines": [], "start_line": 91}, "SensorBackend.capture_image": {"executed_lines": [], "summary": {"covered_lines": 0, "num_statements": 0, "percent_covered": 100.0, "percent_covered_display": "100", "missing_lines": 0, "excluded_lines": 0, "percent_statements_covered": 100.0, "percent_statements_covered_display": "100"}, "missing_lines": [], "excluded_lines": [], "start_line": 95}, "SensorBackend.read_all": {"executed_lines": [100, 101], "summary": {"covered_lines": 2, "num_statements": 2, "percent_covered": 100.0, "percent_covered_display": "100", "missing_lines": 0, "excluded_lines": 0, "percent_statements_covered": 100.0, "percent_statements_covered_display": "100"}, "missing_lines": [], "excluded_lines": [], "start_line": 98}, "SensorBackend.close": {"executed_lines": [], "summary": {"covered_lines": 0, "num_statements": 0, "percent_covered": 100.0, "percent_covered_display": "100", "missing_lines": 0, "excluded_lines": 0, "percent_statements_covered": 100.0, "percent_statements_covered_display": "100"}, "missing_lines": [], "excluded_lines": [], "start_line": 103}, "utcnow": {"executed_lines": [114], "summary": {"covered_lines": 1, "num_statements": 1, "percent_covered": 100.0, "percent_covered_display": "100", "missing_lines": 0, "excluded_lines": 0, "percent_statements_covered": 100.0, "percent_statements_covered_display": "100"}, "missing_lines": [], "excluded_lines": [], "start_line": 107}, "": {"executed_lines": [14, 16, 17, 18, 21, 22, 25, 26, 27, 28, 30, 32, 33, 36, 38, 40, 45, 63, 72, 76, 79, 81, 82, 90, 91, 94, 95, 98, 103, 107], "summary": {"covered_lines": 30, "num_statements": 30, "percent_covered": 100.0, "percent_covered_display": "100", "missing_lines": 0, "excluded_lines": 0, "percent_statements_covered": 100.0, "percent_statements_covered_display": "100"}, "missing_lines": [], "excluded_lines": [], "start_line": 1}}, "classes": {"SensorSample": {"executed_lines": [41, 42, 43, 52], "summary": {"covered_lines": 4, "num_statements": 4, "percent_covered": 100.0, "percent_covered_display": "100", "missing_lines": 0, "excluded_lines": 0, "percent_statements_covered": 100.0, "percent_statements_covered_display": "100"}, "missing_lines": [], "excluded_lines": [], "start_line": 22}, "SensorBackend": {"executed_lines": [100, 101], "summary": {"covered_lines": 2, "num_statements": 2, "percent_covered": 100.0, "percent_covered_display": "100", "missing_lines": 0, "excluded_lines": 0, "percent_statements_covered": 100.0, "percent_statements_covered_display": "100"}, "missing_lines": [], "excluded_lines": [], "start_line": 72}, "": {"executed_lines": [14, 16, 17, 18, 21, 22, 25, 26, 27, 28, 30, 32, 33, 36, 38, 40, 45, 63, 72, 76, 79, 81, 82, 90, 91, 94, 95, 98, 103, 107, 114], "summary": {"covered_lines": 31, "num_statements": 31, "percent_covered": 100.0, "percent_covered_display": "100", "missing_lines": 0, "excluded_lines": 0, "percent_statements_covered": 100.0, "percent_statements_covered_display": "100"}, "missing_lines": [], "excluded_lines": [], "start_line": 1}}}, "freshkeeper/hardware/rpi_backend.py": {"executed_lines": [31, 33, 34, 36, 37, 40, 41, 42, 43, 44, 45, 46, 53, 58, 61, 62, 67, 69, 77, 81, 94, 104, 105, 106, 107, 108, 109, 110, 111, 112, 113, 115, 116, 117, 152, 159, 160, 164, 178, 180, 181, 182, 183, 184, 186, 188, 200, 235, 256, 257, 259, 261, 262, 264, 266, 267, 268, 270, 272, 276, 307, 328], "summary": {"covered_lines": 62, "num_statements": 152, "percent_covered": 40.78947368421053, "percent_covered_display": "41", "missing_lines": 90, "excluded_lines": 4, "percent_statements_covered": 40.78947368421053, "percent_statements_covered_display": "41"}, "missing_lines": [118, 119, 120, 121, 130, 131, 132, 133, 134, 135, 136, 138, 139, 140, 142, 144, 145, 147, 148, 161, 162, 185, 190, 191, 192, 193, 194, 195, 196, 197, 198, 208, 209, 210, 211, 212, 213, 214, 215, 217, 218, 219, 220, 221, 222, 223, 225, 226, 227, 231, 232, 233, 242, 243, 244, 245, 246, 247, 248, 249, 250, 251, 252, 274, 286, 287, 288, 290, 291, 292, 293, 294, 296, 298, 299, 300, 301, 303, 304, 305, 308, 310, 312, 313, 314, 316, 329, 330, 331, 332], "excluded_lines": [122, 123, 333, 334], "functions": {"RaspberryPiSensorBackend.__init__": {"executed_lines": [104, 105, 106, 107, 108, 109, 110, 111, 112, 113], "summary": {"covered_lines": 10, "num_statements": 10, "percent_covered": 100.0, "percent_covered_display": "100", "missing_lines": 0, "excluded_lines": 0, "percent_statements_covered": 100.0, "percent_statements_covered_display": "100"}, "missing_lines": [], "excluded_lines": [], "start_line": 94}, "RaspberryPiSensorBackend._init_hardware": {"executed_lines": [116, 117], "summary": {"covered_lines": 2, "num_statements": 21, "percent_covered": 9.523809523809524, "percent_covered_display": "10", "missing_lines": 19, "excluded_lines": 2, "percent_statements_covered": 9.523809523809524, "percent_statements_covered_display": "10"}, "missing_lines": [118, 119, 120, 121, 130, 131, 132, 133, 134, 135, 136, 138, 139, 140, 142, 144, 145, 147, 148], "excluded_lines": [122, 123], "start_line": 115}, "RaspberryPiSensorBackend._read_adc": {"executed_lines": [159, 160], "summary": {"covered_lines": 2, "num_statements": 4, "percent_covered": 50.0, "percent_covered_display": "50", "missing_lines": 2, "excluded_lines": 0, "percent_statements_covered": 50.0, "percent_statements_covered_display": "50"}, "missing_lines": [161, 162], "excluded_lines": [], "start_line": 152}, "RaspberryPiSensorBackend._adc_to_resistance": {"executed_lines": [178, 180, 181, 182, 183, 184, 186], "summary": {"covered_lines": 7, "num_statements": 8, "percent_covered": 87.5, "percent_covered_display": "88", "missing_lines": 1, "excluded_lines": 0, "percent_statements_covered": 87.5, "percent_statements_covered_display": "88"}, "missing_lines": [185], "excluded_lines": [], "start_line": 164}, "RaspberryPiSensorBackend._read_gas": {"executed_lines": [], "summary": {"covered_lines": 0, "num_statements": 9, "percent_covered": 0.0, "percent_covered_display": "0", "missing_lines": 9, "excluded_lines": 0, "percent_statements_covered": 0.0, "percent_statements_covered_display": "0"}, "missing_lines": [190, 191, 192, 193, 194, 195, 196, 197, 198], "excluded_lines": [], "start_line": 188}, "RaspberryPiSensorBackend._read_hx711": {"executed_lines": [], "summary": {"covered_lines": 0, "num_statements": 21, "percent_covered": 0.0, "percent_covered_display": "0", "missing_lines": 21, "excluded_lines": 0, "percent_statements_covered": 0.0, "percent_statements_covered_display": "0"}, "missing_lines": [208, 209, 210, 211, 212, 213, 214, 215, 217, 218, 219, 220, 221, 222, 223, 225, 226, 227, 231, 232, 233], "excluded_lines": [], "start_line": 200}, "RaspberryPiSensorBackend._read_dht22": {"executed_lines": [], "summary": {"covered_lines": 0, "num_statements": 11, "percent_covered": 0.0, "percent_covered_display": "0", "missing_lines": 11, "excluded_lines": 0, "percent_statements_covered": 0.0, "percent_statements_covered_display": "0"}, "missing_lines": [242, 243, 244, 245, 246, 247, 248, 249, 250, 251, 252], "excluded_lines": [], "start_line": 235}, "RaspberryPiSensorBackend._heaters": {"executed_lines": [257], "summary": {"covered_lines": 1, "num_statements": 1, "percent_covered": 100.0, "percent_covered_display": "100", "missing_lines": 0, "excluded_lines": 0, "percent_statements_covered": 100.0, "percent_statements_covered_display": "100"}, "missing_lines": [], "excluded_lines": [], "start_line": 256}, "RaspberryPiSensorBackend.warm_up": {"executed_lines": [261, 262], "summary": {"covered_lines": 2, "num_statements": 2, "percent_covered": 100.0, "percent_covered_display": "100", "missing_lines": 0, "excluded_lines": 0, "percent_statements_covered": 100.0, "percent_statements_covered_display": "100"}, "missing_lines": [], "excluded_lines": [], "start_line": 259}, "RaspberryPiSensorBackend.read_all": {"executed_lines": [266, 267, 268, 270], "summary": {"covered_lines": 4, "num_statements": 4, "percent_covered": 100.0, "percent_covered_display": "100", "missing_lines": 0, "excluded_lines": 0, "percent_statements_covered": 100.0, "percent_statements_covered_display": "100"}, "missing_lines": [], "excluded_lines": [], "start_line": 264}, "RaspberryPiSensorBackend.set_roi": {"executed_lines": [], "summary": {"covered_lines": 0, "num_statements": 1, "percent_covered": 0.0, "percent_covered_display": "0", "missing_lines": 1, "excluded_lines": 0, "percent_statements_covered": 0.0, "percent_statements_covered_display": "0"}, "missing_lines": [274], "excluded_lines": [], "start_line": 272}, "RaspberryPiSensorBackend.capture_image": {"executed_lines": [], "summary": {"covered_lines": 0, "num_statements": 16, "percent_covered": 0.0, "percent_covered_display": "0", "missing_lines": 16, "excluded_lines": 0, "percent_statements_covered": 0.0, "percent_statements_covered_display": "0"}, "missing_lines": [286, 287, 288, 290, 291, 292, 293, 294, 296, 298, 299, 300, 301, 303, 304, 305], "excluded_lines": [], "start_line": 276}, "RaspberryPiSensorBackend.read_slot": {"executed_lines": [], "summary": {"covered_lines": 0, "num_statements": 6, "percent_covered": 0.0, "percent_covered_display": "0", "missing_lines": 6, "excluded_lines": 0, "percent_statements_covered": 0.0, "percent_statements_covered_display": "0"}, "missing_lines": [308, 310, 312, 313, 314, 316], "excluded_lines": [], "start_line": 307}, "RaspberryPiSensorBackend.close": {"executed_lines": [], "summary": {"covered_lines": 0, "num_statements": 4, "percent_covered": 0.0, "percent_covered_display": "0", "missing_lines": 4, "excluded_lines": 2, "percent_statements_covered": 0.0, "percent_statements_covered_display": "0"}, "missing_lines": [329, 330, 331, 332], "excluded_lines": [333, 334], "start_line": 328}, "": {"executed_lines": [31, 33, 34, 36, 37, 40, 41, 42, 43, 44, 45, 46, 53, 58, 61, 62, 67, 69, 77, 81, 94, 115, 152, 164, 188, 200, 235, 256, 259, 264, 272, 276, 307, 328], "summary": {"covered_lines": 34, "num_statements": 34, "percent_covered": 100.0, "percent_covered_display": "100", "missing_lines": 0, "excluded_lines": 0, "percent_statements_covered": 100.0, "percent_statements_covered_display": "100"}, "missing_lines": [], "excluded_lines": [], "start_line": 1}}, "classes": {"HardwareUnavailableError": {"executed_lines": [], "summary": {"covered_lines": 0, "num_statements": 0, "percent_covered": 100.0, "percent_covered_display": "100", "missing_lines": 0, "excluded_lines": 0, "percent_statements_covered": 100.0, "percent_statements_covered_display": "100"}, "missing_lines": [], "excluded_lines": [], "start_line": 77}, "RaspberryPiSensorBackend": {"executed_lines": [104, 105, 106, 107, 108, 109, 110, 111, 112, 113, 116, 117, 159, 160, 178, 180, 181, 182, 183, 184, 186, 257, 261, 262, 266, 267, 268, 270], "summary": {"covered_lines": 28, "num_statements": 118, "percent_covered": 23.728813559322035, "percent_covered_display": "24", "missing_lines": 90, "excluded_lines": 4, "percent_statements_covered": 23.728813559322035, "percent_statements_covered_display": "24"}, "missing_lines": [118, 119, 120, 121, 130, 131, 132, 133, 134, 135, 136, 138, 139, 140, 142, 144, 145, 147, 148, 161, 162, 185, 190, 191, 192, 193, 194, 195, 196, 197, 198, 208, 209, 210, 211, 212, 213, 214, 215, 217, 218, 219, 220, 221, 222, 223, 225, 226, 227, 231, 232, 233, 242, 243, 244, 245, 246, 247, 248, 249, 250, 251, 252, 274, 286, 287, 288, 290, 291, 292, 293, 294, 296, 298, 299, 300, 301, 303, 304, 305, 308, 310, 312, 313, 314, 316, 329, 330, 331, 332], "excluded_lines": [122, 123, 333, 334], "start_line": 81}, "": {"executed_lines": [31, 33, 34, 36, 37, 40, 41, 42, 43, 44, 45, 46, 53, 58, 61, 62, 67, 69, 77, 81, 94, 115, 152, 164, 188, 200, 235, 256, 259, 264, 272, 276, 307, 328], "summary": {"covered_lines": 34, "num_statements": 34, "percent_covered": 100.0, "percent_covered_display": "100", "missing_lines": 0, "excluded_lines": 0, "percent_statements_covered": 100.0, "percent_statements_covered_display": "100"}, "missing_lines": [], "excluded_lines": [], "start_line": 1}}}, "freshkeeper/hardware/sim_backend.py": {"executed_lines": [21, 23, 24, 25, 26, 28, 29, 44, 46, 50, 51, 54, 55, 58, 59, 62, 66, 67, 70, 71, 81, 83, 85, 87, 89, 91, 92, 94, 96, 105, 106, 108, 110, 111, 112, 113, 114, 116, 117, 120, 121, 122, 123, 124, 125, 129, 130, 132, 135, 137, 139, 141, 142, 143, 144, 145, 146, 147, 148, 151, 152, 155, 156, 157, 158, 160, 161, 162, 163, 164, 165, 167, 168, 169, 172, 185, 193, 194, 195, 196, 197, 198, 199, 200, 201, 202, 203, 207, 208, 209, 211, 214, 215, 216, 220, 221, 225, 231, 232, 233, 235, 237, 238, 242, 244, 246, 248, 250, 251, 252, 253, 254, 255, 256, 258, 269, 270, 272, 273, 277, 278, 279, 280, 282, 283, 285, 286, 287, 288, 289, 291, 292, 293, 295, 309, 315, 317, 319, 320], "summary": {"covered_lines": 139, "num_statements": 142, "percent_covered": 97.88732394366197, "percent_covered_display": "98", "missing_lines": 3, "excluded_lines": 0, "percent_statements_covered": 97.88732394366197, "percent_statements_covered_display": "98"}, "missing_lines": [138, 140, 247], "excluded_lines": [], "functions": {"FridgeThermalModel.series": {"executed_lines": [105, 106, 108, 110, 111, 112, 113, 114, 116, 117, 120, 121, 122, 123, 124, 125, 129, 130, 132], "summary": {"covered_lines": 19, "num_statements": 19, "percent_covered": 100.0, "percent_covered_display": "100", "missing_lines": 0, "excluded_lines": 0, "percent_statements_covered": 100.0, "percent_statements_covered_display": "100"}, "missing_lines": [], "excluded_lines": [], "start_line": 96}, "_poisson": {"executed_lines": [137, 139, 141, 142, 143, 144, 145, 146, 147, 148], "summary": {"covered_lines": 10, "num_statements": 12, "percent_covered": 83.33333333333333, "percent_covered_display": "83", "missing_lines": 2, "excluded_lines": 0, "percent_statements_covered": 83.33333333333333, "percent_statements_covered_display": "83"}, "missing_lines": [138, 140], "excluded_lines": [], "start_line": 135}, "SimulatedItem.__post_init__": {"executed_lines": [168, 169], "summary": {"covered_lines": 2, "num_statements": 2, "percent_covered": 100.0, "percent_covered_display": "100", "missing_lines": 0, "excluded_lines": 0, "percent_statements_covered": 100.0, "percent_statements_covered_display": "100"}, "missing_lines": [], "excluded_lines": [], "start_line": 167}, "SimulatedSensorBackend.__init__": {"executed_lines": [193, 194, 195, 196, 197, 198, 199, 200, 201, 202, 203], "summary": {"covered_lines": 11, "num_statements": 11, "percent_covered": 100.0, "percent_covered_display": "100", "missing_lines": 0, "excluded_lines": 0, "percent_statements_covered": 100.0, "percent_statements_covered_display": "100"}, "missing_lines": [], "excluded_lines": [], "start_line": 185}, "SimulatedSensorBackend._random_commodity": {"executed_lines": [208, 209], "summary": {"covered_lines": 2, "num_statements": 2, "percent_covered": 100.0, "percent_covered_display": "100", "missing_lines": 0, "excluded_lines": 0, "percent_statements_covered": 100.0, "percent_statements_covered_display": "100"}, "missing_lines": [], "excluded_lines": [], "start_line": 207}, "SimulatedSensorBackend.place_item": {"executed_lines": [214, 215, 216, 220, 221], "summary": {"covered_lines": 5, "num_statements": 5, "percent_covered": 100.0, "percent_covered_display": "100", "missing_lines": 0, "excluded_lines": 0, "percent_statements_covered": 100.0, "percent_statements_covered_display": "100"}, "missing_lines": [], "excluded_lines": [], "start_line": 211}, "SimulatedSensorBackend.warm_up": {"executed_lines": [231, 232, 233], "summary": {"covered_lines": 3, "num_statements": 3, "percent_covered": 100.0, "percent_covered_display": "100", "missing_lines": 0, "excluded_lines": 0, "percent_statements_covered": 100.0, "percent_statements_covered_display": "100"}, "missing_lines": [], "excluded_lines": [], "start_line": 225}, "SimulatedSensorBackend._recompute": {"executed_lines": [237, 238, 242, 244, 246, 248, 250, 251, 252, 253, 254, 255, 256], "summary": {"covered_lines": 13, "num_statements": 14, "percent_covered": 92.85714285714286, "percent_covered_display": "93", "missing_lines": 1, "excluded_lines": 0, "percent_statements_covered": 92.85714285714286, "percent_statements_covered_display": "93"}, "missing_lines": [247], "excluded_lines": [], "start_line": 235}, "SimulatedSensorBackend._quantise_gas": {"executed_lines": [269, 270, 272, 273, 277, 278, 279, 280, 282, 283], "summary": {"covered_lines": 10, "num_statements": 10, "percent_covered": 100.0, "percent_covered_display": "100", "missing_lines": 0, "excluded_lines": 0, "percent_statements_covered": 100.0, "percent_statements_covered_display": "100"}, "missing_lines": [], "excluded_lines": [], "start_line": 258}, "SimulatedSensorBackend.read_slot": {"executed_lines": [286, 287, 288, 289, 291, 292, 293, 295], "summary": {"covered_lines": 8, "num_statements": 8, "percent_covered": 100.0, "percent_covered_display": "100", "missing_lines": 0, "excluded_lines": 0, "percent_statements_covered": 100.0, "percent_statements_covered_display": "100"}, "missing_lines": [], "excluded_lines": [], "start_line": 285}, "SimulatedSensorBackend.capture_image": {"executed_lines": [315], "summary": {"covered_lines": 1, "num_statements": 1, "percent_covered": 100.0, "percent_covered_display": "100", "missing_lines": 0, "excluded_lines": 0, "percent_statements_covered": 100.0, "percent_statements_covered_display": "100"}, "missing_lines": [], "excluded_lines": [], "start_line": 309}, "SimulatedSensorBackend.ground_truth": {"executed_lines": [319, 320], "summary": {"covered_lines": 2, "num_statements": 2, "percent_covered": 100.0, "percent_covered_display": "100", "missing_lines": 0, "excluded_lines": 0, "percent_statements_covered": 100.0, "percent_statements_covered_display": "100"}, "missing_lines": [], "excluded_lines": [], "start_line": 317}, "": {"executed_lines": [21, 23, 24, 25, 26, 28, 29, 44, 46, 50, 51, 54, 55, 58, 59, 62, 66, 67, 70, 71, 81, 83, 85, 87, 89, 91, 92, 94, 96, 135, 151, 152, 155, 156, 157, 158, 160, 161, 162, 163, 164, 165, 167, 172, 185, 207, 211, 225, 235, 258, 285, 309, 317], "summary": {"covered_lines": 53, "num_statements": 53, "percent_covered": 100.0, "percent_covered_display": "100", "missing_lines": 0, "excluded_lines": 0, "percent_statements_covered": 100.0, "percent_statements_covered_display": "100"}, "missing_lines": [], "excluded_lines": [], "start_line": 1}}, "classes": {"FridgeThermalModel": {"executed_lines": [105, 106, 108, 110, 111, 112, 113, 114, 116, 117, 120, 121, 122, 123, 124, 125, 129, 130, 132], "summary": {"covered_lines": 19, "num_statements": 19, "percent_covered": 100.0, "percent_covered_display": "100", "missing_lines": 0, "excluded_lines": 0, "percent_statements_covered": 100.0, "percent_statements_covered_display": "100"}, "missing_lines": [], "excluded_lines": [], "start_line": 71}, "SimulatedItem": {"executed_lines": [168, 169], "summary": {"covered_lines": 2, "num_statements": 2, "percent_covered": 100.0, "percent_covered_display": "100", "missing_lines": 0, "excluded_lines": 0, "percent_statements_covered": 100.0, "percent_statements_covered_display": "100"}, "missing_lines": [], "excluded_lines": [], "start_line": 152}, "SimulatedSensorBackend": {"executed_lines": [193, 194, 195, 196, 197, 198, 199, 200, 201, 202, 203, 208, 209, 214, 215, 216, 220, 221, 231, 232, 233, 237, 238, 242, 244, 246, 248, 250, 251, 252, 253, 254, 255, 256, 269, 270, 272, 273, 277, 278, 279, 280, 282, 283, 286, 287, 288, 289, 291, 292, 293, 295, 315, 319, 320], "summary": {"covered_lines": 55, "num_statements": 56, "percent_covered": 98.21428571428571, "percent_covered_display": "98", "missing_lines": 1, "excluded_lines": 0, "percent_statements_covered": 98.21428571428571, "percent_statements_covered_display": "98"}, "missing_lines": [247], "excluded_lines": [], "start_line": 172}, "": {"executed_lines": [21, 23, 24, 25, 26, 28, 29, 44, 46, 50, 51, 54, 55, 58, 59, 62, 66, 67, 70, 71, 81, 83, 85, 87, 89, 91, 92, 94, 96, 135, 137, 139, 141, 142, 143, 144, 145, 146, 147, 148, 151, 152, 155, 156, 157, 158, 160, 161, 162, 163, 164, 165, 167, 172, 185, 207, 211, 225, 235, 258, 285, 309, 317], "summary": {"covered_lines": 63, "num_statements": 65, "percent_covered": 96.92307692307692, "percent_covered_display": "97", "missing_lines": 2, "excluded_lines": 0, "percent_statements_covered": 96.92307692307692, "percent_statements_covered_display": "97"}, "missing_lines": [138, 140], "excluded_lines": [], "start_line": 1}}}, "freshkeeper/hardware/spoilage_model.py": {"executed_lines": [20, 22, 23, 30, 31, 35, 40, 43, 49, 52, 63, 64, 65, 68, 85, 86, 87, 90, 105, 106, 109, 110, 111, 116, 129, 131, 134, 143, 144, 145, 148, 149, 157, 159, 161, 163, 165, 167, 169, 171, 174, 225, 230, 236, 238, 241, 242, 245, 246, 247, 248, 249, 250, 252, 254, 256, 257, 264, 265, 268, 270, 271, 272, 273, 274, 277, 293, 294, 296, 300, 301, 302, 304, 305, 306, 307, 309, 315, 316, 317, 323, 324, 329, 330, 331, 333, 345], "summary": {"covered_lines": 87, "num_statements": 90, "percent_covered": 96.66666666666667, "percent_covered_display": "97", "missing_lines": 3, "excluded_lines": 0, "percent_statements_covered": 96.66666666666667, "percent_statements_covered_display": "97"}, "missing_lines": [112, 113, 130], "excluded_lines": [], "functions": {"saturation_vapour_pressure": {"executed_lines": [49], "summary": {"covered_lines": 1, "num_statements": 1, "percent_covered": 100.0, "percent_covered_display": "100", "missing_lines": 0, "excluded_lines": 0, "percent_statements_covered": 100.0, "percent_statements_covered_display": "100"}, "missing_lines": [], "excluded_lines": [], "start_line": 43}, "vapour_pressure_deficit": {"executed_lines": [63, 64, 65], "summary": {"covered_lines": 3, "num_statements": 3, "percent_covered": 100.0, "percent_covered_display": "100", "missing_lines": 0, "excluded_lines": 0, "percent_statements_covered": 100.0, "percent_statements_covered_display": "100"}, "missing_lines": [], "excluded_lines": [], "start_line": 52}, "ratkowsky_growth_rate": {"executed_lines": [85, 86, 87], "summary": {"covered_lines": 3, "num_statements": 3, "percent_covered": 100.0, "percent_covered_display": "100", "missing_lines": 0, "excluded_lines": 0, "percent_statements_covered": 100.0, "percent_statements_covered_display": "100"}, "missing_lines": [], "excluded_lines": [], "start_line": 68}, "gompertz_population": {"executed_lines": [105, 106, 109, 110, 111], "summary": {"covered_lines": 5, "num_statements": 7, "percent_covered": 71.42857142857143, "percent_covered_display": "71", "missing_lines": 2, "excluded_lines": 0, "percent_statements_covered": 71.42857142857143, "percent_statements_covered_display": "71"}, "missing_lines": [112, 113], "excluded_lines": [], "start_line": 90}, "mq_ppm_from_ratio": {"executed_lines": [129, 131], "summary": {"covered_lines": 2, "num_statements": 3, "percent_covered": 66.66666666666667, "percent_covered_display": "67", "missing_lines": 1, "excluded_lines": 0, "percent_statements_covered": 66.66666666666667, "percent_statements_covered_display": "67"}, "missing_lines": [130], "excluded_lines": [], "start_line": 116}, "mq_ratio_from_ppm": {"executed_lines": [143, 144, 145], "summary": {"covered_lines": 3, "num_statements": 3, "percent_covered": 100.0, "percent_covered_display": "100", "missing_lines": 0, "excluded_lines": 0, "percent_statements_covered": 100.0, "percent_statements_covered_display": "100"}, "missing_lines": [], "excluded_lines": [], "start_line": 134}, "profile_for": {"executed_lines": [238], "summary": {"covered_lines": 1, "num_statements": 1, "percent_covered": 100.0, "percent_covered_display": "100", "missing_lines": 0, "excluded_lines": 0, "percent_statements_covered": 100.0, "percent_statements_covered_display": "100"}, "missing_lines": [], "excluded_lines": [], "start_line": 236}, "SpoilageState.__post_init__": {"executed_lines": [257], "summary": {"covered_lines": 1, "num_statements": 1, "percent_covered": 100.0, "percent_covered_display": "100", "missing_lines": 0, "excluded_lines": 0, "percent_statements_covered": 100.0, "percent_statements_covered_display": "100"}, "missing_lines": [], "excluded_lines": [], "start_line": 256}, "extent_to_label": {"executed_lines": [270, 271, 272, 273, 274], "summary": {"covered_lines": 5, "num_statements": 5, "percent_covered": 100.0, "percent_covered_display": "100", "missing_lines": 0, "excluded_lines": 0, "percent_statements_covered": 100.0, "percent_statements_covered_display": "100"}, "missing_lines": [], "excluded_lines": [], "start_line": 268}, "integrate_spoilage": {"executed_lines": [293, 294, 296, 300, 301, 302, 304, 305, 306, 307, 309, 315, 316, 317, 323, 324, 329, 330, 331, 333, 345], "summary": {"covered_lines": 21, "num_statements": 21, "percent_covered": 100.0, "percent_covered_display": "100", "missing_lines": 0, "excluded_lines": 0, "percent_statements_covered": 100.0, "percent_statements_covered_display": "100"}, "missing_lines": [], "excluded_lines": [], "start_line": 277}, "": {"executed_lines": [20, 22, 23, 30, 31, 35, 40, 43, 52, 68, 90, 116, 134, 148, 149, 157, 159, 161, 163, 165, 167, 169, 171, 174, 225, 230, 236, 241, 242, 245, 246, 247, 248, 249, 250, 252, 254, 256, 264, 265, 268, 277], "summary": {"covered_lines": 42, "num_statements": 42, "percent_covered": 100.0, "percent_covered_display": "100", "missing_lines": 0, "excluded_lines": 0, "percent_statements_covered": 100.0, "percent_statements_covered_display": "100"}, "missing_lines": [], "excluded_lines": [], "start_line": 1}}, "classes": {"FoodProfile": {"executed_lines": [], "summary": {"covered_lines": 0, "num_statements": 0, "percent_covered": 100.0, "percent_covered_display": "100", "missing_lines": 0, "excluded_lines": 0, "percent_statements_covered": 100.0, "percent_statements_covered_display": "100"}, "missing_lines": [], "excluded_lines": [], "start_line": 149}, "SpoilageState": {"executed_lines": [257], "summary": {"covered_lines": 1, "num_statements": 1, "percent_covered": 100.0, "percent_covered_display": "100", "missing_lines": 0, "excluded_lines": 0, "percent_statements_covered": 100.0, "percent_statements_covered_display": "100"}, "missing_lines": [], "excluded_lines": [], "start_line": 242}, "": {"executed_lines": [20, 22, 23, 30, 31, 35, 40, 43, 49, 52, 63, 64, 65, 68, 85, 86, 87, 90, 105, 106, 109, 110, 111, 116, 129, 131, 134, 143, 144, 145, 148, 149, 157, 159, 161, 163, 165, 167, 169, 171, 174, 225, 230, 236, 238, 241, 242, 245, 246, 247, 248, 249, 250, 252, 254, 256, 264, 265, 268, 270, 271, 272, 273, 274, 277, 293, 294, 296, 300, 301, 302, 304, 305, 306, 307, 309, 315, 316, 317, 323, 324, 329, 330, 331, 333, 345], "summary": {"covered_lines": 86, "num_statements": 89, "percent_covered": 96.62921348314607, "percent_covered_display": "97", "missing_lines": 3, "excluded_lines": 0, "percent_statements_covered": 96.62921348314607, "percent_statements_covered_display": "97"}, "missing_lines": [112, 113, 130], "excluded_lines": [], "start_line": 1}}}, "freshkeeper/ml/__init__.py": {"executed_lines": [], "summary": {"covered_lines": 0, "num_statements": 0, "percent_covered": 100.0, "percent_covered_display": "100", "missing_lines": 0, "excluded_lines": 0, "percent_statements_covered": 100.0, "percent_statements_covered_display": "100"}, "missing_lines": [], "excluded_lines": [], "functions": {"": {"executed_lines": [], "summary": {"covered_lines": 0, "num_statements": 0, "percent_covered": 100.0, "percent_covered_display": "100", "missing_lines": 0, "excluded_lines": 0, "percent_statements_covered": 100.0, "percent_statements_covered_display": "100"}, "missing_lines": [], "excluded_lines": [], "start_line": 1}}, "classes": {"": {"executed_lines": [], "summary": {"covered_lines": 0, "num_statements": 0, "percent_covered": 100.0, "percent_covered_display": "100", "missing_lines": 0, "excluded_lines": 0, "percent_statements_covered": 100.0, "percent_statements_covered_display": "100"}, "missing_lines": [], "excluded_lines": [], "start_line": 1}}}, "freshkeeper/ml/embeddings.py": {"executed_lines": [], "summary": {"covered_lines": 0, "num_statements": 62, "percent_covered": 0.0, "percent_covered_display": "0", "missing_lines": 62, "excluded_lines": 0, "percent_statements_covered": 0.0, "percent_statements_covered_display": "0"}, "missing_lines": [14, 16, 17, 18, 19, 20, 22, 23, 24, 26, 28, 29, 30, 31, 32, 35, 41, 42, 43, 44, 47, 48, 49, 50, 51, 54, 55, 56, 57, 60, 61, 62, 63, 64, 65, 66, 67, 68, 69, 71, 75, 76, 77, 79, 80, 81, 82, 83, 85, 86, 87, 89, 90, 91, 93, 94, 95, 96, 98, 99, 102, 103], "excluded_lines": [], "functions": {"load_manifest": {"executed_lines": [], "summary": {"covered_lines": 0, "num_statements": 4, "percent_covered": 0.0, "percent_covered_display": "0", "missing_lines": 4, "excluded_lines": 0, "percent_statements_covered": 0.0, "percent_statements_covered_display": "0"}, "missing_lines": [41, 42, 43, 44], "excluded_lines": [], "start_line": 35}, "_decode": {"executed_lines": [], "summary": {"covered_lines": 0, "num_statements": 4, "percent_covered": 0.0, "percent_covered_display": "0", "missing_lines": 4, "excluded_lines": 0, "percent_statements_covered": 0.0, "percent_statements_covered_display": "0"}, "missing_lines": [48, 49, 50, 51], "excluded_lines": [], "start_line": 47}, "build_pipeline": {"executed_lines": [], "summary": {"covered_lines": 0, "num_statements": 3, "percent_covered": 0.0, "percent_covered_display": "0", "missing_lines": 3, "excluded_lines": 0, "percent_statements_covered": 0.0, "percent_statements_covered_display": "0"}, "missing_lines": [55, 56, 57], "excluded_lines": [], "start_line": 54}, "main": {"executed_lines": [], "summary": {"covered_lines": 0, "num_statements": 30, "percent_covered": 0.0, "percent_covered_display": "0", "missing_lines": 30, "excluded_lines": 0, "percent_statements_covered": 0.0, "percent_statements_covered_display": "0"}, "missing_lines": [61, 62, 63, 64, 65, 66, 67, 68, 69, 71, 75, 76, 77, 79, 80, 81, 82, 83, 85, 86, 87, 89, 90, 91, 93, 94, 95, 96, 98, 99], "excluded_lines": [], "start_line": 60}, "": {"executed_lines": [], "summary": {"covered_lines": 0, "num_statements": 21, "percent_covered": 0.0, "percent_covered_display": "0", "missing_lines": 21, "excluded_lines": 0, "percent_statements_covered": 0.0, "percent_statements_covered_display": "0"}, "missing_lines": [14, 16, 17, 18, 19, 20, 22, 23, 24, 26, 28, 29, 30, 31, 32, 35, 47, 54, 60, 102, 103], "excluded_lines": [], "start_line": 1}}, "classes": {"": {"executed_lines": [], "summary": {"covered_lines": 0, "num_statements": 62, "percent_covered": 0.0, "percent_covered_display": "0", "missing_lines": 62, "excluded_lines": 0, "percent_statements_covered": 0.0, "percent_statements_covered_display": "0"}, "missing_lines": [14, 16, 17, 18, 19, 20, 22, 23, 24, 26, 28, 29, 30, 31, 32, 35, 41, 42, 43, 44, 47, 48, 49, 50, 51, 54, 55, 56, 57, 60, 61, 62, 63, 64, 65, 66, 67, 68, 69, 71, 75, 76, 77, 79, 80, 81, 82, 83, 85, 86, 87, 89, 90, 91, 93, 94, 95, 96, 98, 99, 102, 103], "excluded_lines": [], "start_line": 1}}}, "freshkeeper/ml/evaluate.py": {"executed_lines": [], "summary": {"covered_lines": 0, "num_statements": 115, "percent_covered": 0.0, "percent_covered_display": "0", "missing_lines": 115, "excluded_lines": 0, "percent_statements_covered": 0.0, "percent_statements_covered_display": "0"}, "missing_lines": [18, 20, 21, 22, 24, 25, 26, 27, 28, 32, 34, 36, 37, 38, 39, 40, 41, 43, 46, 48, 49, 50, 52, 53, 54, 56, 57, 58, 62, 63, 64, 65, 68, 69, 70, 72, 73, 76, 77, 94, 95, 96, 97, 100, 101, 102, 103, 104, 107, 108, 109, 110, 111, 112, 115, 117, 129, 133, 134, 135, 136, 137, 139, 145, 146, 147, 148, 149, 150, 151, 152, 153, 158, 159, 160, 161, 162, 163, 164, 165, 166, 167, 168, 169, 170, 171, 172, 173, 174, 175, 176, 177, 180, 181, 182, 183, 184, 185, 186, 187, 188, 189, 190, 191, 192, 193, 194, 195, 196, 198, 199, 200, 201, 204, 205], "excluded_lines": [], "functions": {"plot_confusion": {"executed_lines": [], "summary": {"covered_lines": 0, "num_statements": 13, "percent_covered": 0.0, "percent_covered_display": "0", "missing_lines": 13, "excluded_lines": 0, "percent_statements_covered": 0.0, "percent_statements_covered_display": "0"}, "missing_lines": [48, 49, 50, 52, 53, 54, 56, 57, 58, 62, 63, 64, 65], "excluded_lines": [], "start_line": 46}, "evaluate_multiclass": {"executed_lines": [], "summary": {"covered_lines": 0, "num_statements": 6, "percent_covered": 0.0, "percent_covered_display": "0", "missing_lines": 6, "excluded_lines": 0, "percent_statements_covered": 0.0, "percent_statements_covered_display": "0"}, "missing_lines": [69, 70, 72, 73, 76, 77], "excluded_lines": [], "start_line": 68}, "main": {"executed_lines": [], "summary": {"covered_lines": 0, "num_statements": 73, "percent_covered": 0.0, "percent_covered_display": "0", "missing_lines": 73, "excluded_lines": 0, "percent_statements_covered": 0.0, "percent_statements_covered_display": "0"}, "missing_lines": [95, 96, 97, 100, 101, 102, 103, 104, 107, 108, 109, 110, 111, 112, 115, 117, 129, 133, 134, 135, 136, 137, 139, 145, 146, 147, 148, 149, 150, 151, 152, 153, 158, 159, 160, 161, 162, 163, 164, 165, 166, 167, 168, 169, 170, 171, 172, 173, 174, 175, 176, 177, 180, 181, 182, 183, 184, 185, 186, 187, 188, 189, 190, 191, 192, 193, 194, 195, 196, 198, 199, 200, 201], "excluded_lines": [], "start_line": 94}, "": {"executed_lines": [], "summary": {"covered_lines": 0, "num_statements": 23, "percent_covered": 0.0, "percent_covered_display": "0", "missing_lines": 23, "excluded_lines": 0, "percent_statements_covered": 0.0, "percent_statements_covered_display": "0"}, "missing_lines": [18, 20, 21, 22, 24, 25, 26, 27, 28, 32, 34, 36, 37, 38, 39, 40, 41, 43, 46, 68, 94, 204, 205], "excluded_lines": [], "start_line": 1}}, "classes": {"": {"executed_lines": [], "summary": {"covered_lines": 0, "num_statements": 115, "percent_covered": 0.0, "percent_covered_display": "0", "missing_lines": 115, "excluded_lines": 0, "percent_statements_covered": 0.0, "percent_statements_covered_display": "0"}, "missing_lines": [18, 20, 21, 22, 24, 25, 26, 27, 28, 32, 34, 36, 37, 38, 39, 40, 41, 43, 46, 48, 49, 50, 52, 53, 54, 56, 57, 58, 62, 63, 64, 65, 68, 69, 70, 72, 73, 76, 77, 94, 95, 96, 97, 100, 101, 102, 103, 104, 107, 108, 109, 110, 111, 112, 115, 117, 129, 133, 134, 135, 136, 137, 139, 145, 146, 147, 148, 149, 150, 151, 152, 153, 158, 159, 160, 161, 162, 163, 164, 165, 166, 167, 168, 169, 170, 171, 172, 173, 174, 175, 176, 177, 180, 181, 182, 183, 184, 185, 186, 187, 188, 189, 190, 191, 192, 193, 194, 195, 196, 198, 199, 200, 201, 204, 205], "excluded_lines": [], "start_line": 1}}}, "freshkeeper/ml/export_tflite.py": {"executed_lines": [], "summary": {"covered_lines": 0, "num_statements": 101, "percent_covered": 0.0, "percent_covered_display": "0", "missing_lines": 101, "excluded_lines": 0, "percent_statements_covered": 0.0, "percent_statements_covered_display": "0"}, "missing_lines": [23, 25, 26, 27, 28, 29, 31, 32, 33, 35, 36, 37, 38, 39, 41, 42, 43, 46, 54, 55, 56, 57, 60, 61, 62, 63, 64, 65, 66, 67, 68, 71, 77, 78, 79, 80, 82, 83, 84, 85, 86, 87, 89, 90, 92, 93, 94, 95, 96, 98, 99, 109, 110, 111, 113, 114, 115, 116, 118, 119, 120, 122, 129, 141, 142, 143, 144, 145, 146, 147, 149, 150, 151, 152, 153, 154, 155, 157, 158, 159, 163, 164, 165, 166, 167, 168, 169, 170, 172, 173, 174, 175, 177, 184, 188, 190, 191, 192, 193, 196, 197], "excluded_lines": [], "functions": {"_make_representative": {"executed_lines": [], "summary": {"covered_lines": 0, "num_statements": 2, "percent_covered": 0.0, "percent_covered_display": "0", "missing_lines": 2, "excluded_lines": 0, "percent_statements_covered": 0.0, "percent_statements_covered_display": "0"}, "missing_lines": [54, 57], "excluded_lines": [], "start_line": 46}, "_make_representative.representative": {"executed_lines": [], "summary": {"covered_lines": 0, "num_statements": 2, "percent_covered": 0.0, "percent_covered_display": "0", "missing_lines": 2, "excluded_lines": 0, "percent_statements_covered": 0.0, "percent_statements_covered_display": "0"}, "missing_lines": [55, 56], "excluded_lines": [], "start_line": 54}, "convert": {"executed_lines": [], "summary": {"covered_lines": 0, "num_statements": 8, "percent_covered": 0.0, "percent_covered_display": "0", "missing_lines": 8, "excluded_lines": 0, "percent_statements_covered": 0.0, "percent_statements_covered_display": "0"}, "missing_lines": [61, 62, 63, 64, 65, 66, 67, 68], "excluded_lines": [], "start_line": 60}, "benchmark": {"executed_lines": [], "summary": {"covered_lines": 0, "num_statements": 14, "percent_covered": 0.0, "percent_covered_display": "0", "missing_lines": 14, "excluded_lines": 0, "percent_statements_covered": 0.0, "percent_statements_covered_display": "0"}, "missing_lines": [77, 78, 79, 80, 82, 89, 90, 92, 93, 94, 95, 96, 98, 99], "excluded_lines": [], "start_line": 71}, "benchmark.run": {"executed_lines": [], "summary": {"covered_lines": 0, "num_statements": 5, "percent_covered": 0.0, "percent_covered_display": "0", "missing_lines": 5, "excluded_lines": 0, "percent_statements_covered": 0.0, "percent_statements_covered_display": "0"}, "missing_lines": [83, 84, 85, 86, 87], "excluded_lines": [], "start_line": 82}, "main": {"executed_lines": [], "summary": {"covered_lines": 0, "num_statements": 47, "percent_covered": 0.0, "percent_covered_display": "0", "missing_lines": 47, "excluded_lines": 0, "percent_statements_covered": 0.0, "percent_statements_covered_display": "0"}, "missing_lines": [110, 111, 113, 114, 115, 116, 118, 119, 120, 122, 129, 141, 142, 143, 144, 145, 146, 147, 149, 150, 151, 152, 153, 154, 155, 157, 158, 159, 163, 164, 165, 166, 167, 168, 169, 170, 172, 173, 174, 175, 177, 184, 188, 190, 191, 192, 193], "excluded_lines": [], "start_line": 109}, "": {"executed_lines": [], "summary": {"covered_lines": 0, "num_statements": 23, "percent_covered": 0.0, "percent_covered_display": "0", "missing_lines": 23, "excluded_lines": 0, "percent_statements_covered": 0.0, "percent_statements_covered_display": "0"}, "missing_lines": [23, 25, 26, 27, 28, 29, 31, 32, 33, 35, 36, 37, 38, 39, 41, 42, 43, 46, 60, 71, 109, 196, 197], "excluded_lines": [], "start_line": 1}}, "classes": {"": {"executed_lines": [], "summary": {"covered_lines": 0, "num_statements": 101, "percent_covered": 0.0, "percent_covered_display": "0", "missing_lines": 101, "excluded_lines": 0, "percent_statements_covered": 0.0, "percent_statements_covered_display": "0"}, "missing_lines": [23, 25, 26, 27, 28, 29, 31, 32, 33, 35, 36, 37, 38, 39, 41, 42, 43, 46, 54, 55, 56, 57, 60, 61, 62, 63, 64, 65, 66, 67, 68, 71, 77, 78, 79, 80, 82, 83, 84, 85, 86, 87, 89, 90, 92, 93, 94, 95, 96, 98, 99, 109, 110, 111, 113, 114, 115, 116, 118, 119, 120, 122, 129, 141, 142, 143, 144, 145, 146, 147, 149, 150, 151, 152, 153, 154, 155, 157, 158, 159, 163, 164, 165, 166, 167, 168, 169, 170, 172, 173, 174, 175, 177, 184, 188, 190, 191, 192, 193, 196, 197], "excluded_lines": [], "start_line": 1}}}, "freshkeeper/ml/inference.py": {"executed_lines": [15, 17, 18, 20, 21, 23, 24, 27, 28, 29, 31, 32, 35, 38, 40, 41, 42, 43, 44, 45, 46, 47, 50, 61, 62, 63, 64, 65, 66, 68, 69, 70, 82, 85, 86, 87, 89, 92, 93, 94, 100, 101, 103, 105, 107, 108, 110, 111, 112, 119, 121, 130, 131, 133, 134, 135, 136, 138, 144, 152, 153, 159], "summary": {"covered_lines": 62, "num_statements": 82, "percent_covered": 75.60975609756098, "percent_covered_display": "76", "missing_lines": 20, "excluded_lines": 0, "percent_statements_covered": 75.60975609756098, "percent_statements_covered_display": "76"}, "missing_lines": [48, 51, 52, 53, 54, 55, 57, 58, 59, 71, 72, 73, 74, 75, 76, 77, 78, 80, 90, 91], "excluded_lines": [], "functions": {"InferenceService.__init__": {"executed_lines": [40, 41, 42, 43, 44, 45, 46, 47], "summary": {"covered_lines": 8, "num_statements": 9, "percent_covered": 88.88888888888889, "percent_covered_display": "89", "missing_lines": 1, "excluded_lines": 0, "percent_statements_covered": 88.88888888888889, "percent_statements_covered_display": "89"}, "missing_lines": [48], "excluded_lines": [], "start_line": 38}, "InferenceService._load": {"executed_lines": [], "summary": {"covered_lines": 0, "num_statements": 8, "percent_covered": 0.0, "percent_covered_display": "0", "missing_lines": 8, "excluded_lines": 0, "percent_statements_covered": 0.0, "percent_statements_covered_display": "0"}, "missing_lines": [51, 52, 53, 54, 55, 57, 58, 59], "excluded_lines": [], "start_line": 50}, "InferenceService._standardise": {"executed_lines": [62, 63, 64, 65, 66], "summary": {"covered_lines": 5, "num_statements": 5, "percent_covered": 100.0, "percent_covered_display": "100", "missing_lines": 0, "excluded_lines": 0, "percent_statements_covered": 100.0, "percent_statements_covered_display": "100"}, "missing_lines": [], "excluded_lines": [], "start_line": 61}, "InferenceService._embed": {"executed_lines": [69, 70], "summary": {"covered_lines": 2, "num_statements": 11, "percent_covered": 18.181818181818183, "percent_covered_display": "18", "missing_lines": 9, "excluded_lines": 0, "percent_statements_covered": 18.181818181818183, "percent_statements_covered_display": "18"}, "missing_lines": [71, 72, 73, 74, 75, 76, 77, 78, 80], "excluded_lines": [], "start_line": 68}, "InferenceService.predict": {"executed_lines": [85, 86, 87, 89, 92, 93, 94, 100, 101, 103], "summary": {"covered_lines": 10, "num_statements": 12, "percent_covered": 83.33333333333333, "percent_covered_display": "83", "missing_lines": 2, "excluded_lines": 0, "percent_statements_covered": 83.33333333333333, "percent_statements_covered_display": "83"}, "missing_lines": [90, 91], "excluded_lines": [], "start_line": 82}, "InferenceService.run_cycle": {"executed_lines": [107, 108, 110, 111, 112, 119, 121, 130, 131, 133, 134, 135, 136, 138, 144, 152, 153, 159], "summary": {"covered_lines": 18, "num_statements": 18, "percent_covered": 100.0, "percent_covered_display": "100", "missing_lines": 0, "excluded_lines": 0, "percent_statements_covered": 100.0, "percent_statements_covered_display": "100"}, "missing_lines": [], "excluded_lines": [], "start_line": 105}, "": {"executed_lines": [15, 17, 18, 20, 21, 23, 24, 27, 28, 29, 31, 32, 35, 38, 50, 61, 68, 82, 105], "summary": {"covered_lines": 19, "num_statements": 19, "percent_covered": 100.0, "percent_covered_display": "100", "missing_lines": 0, "excluded_lines": 0, "percent_statements_covered": 100.0, "percent_statements_covered_display": "100"}, "missing_lines": [], "excluded_lines": [], "start_line": 1}}, "classes": {"InferenceService": {"executed_lines": [40, 41, 42, 43, 44, 45, 46, 47, 62, 63, 64, 65, 66, 69, 70, 85, 86, 87, 89, 92, 93, 94, 100, 101, 103, 107, 108, 110, 111, 112, 119, 121, 130, 131, 133, 134, 135, 136, 138, 144, 152, 153, 159], "summary": {"covered_lines": 43, "num_statements": 63, "percent_covered": 68.25396825396825, "percent_covered_display": "68", "missing_lines": 20, "excluded_lines": 0, "percent_statements_covered": 68.25396825396825, "percent_statements_covered_display": "68"}, "missing_lines": [48, 51, 52, 53, 54, 55, 57, 58, 59, 71, 72, 73, 74, 75, 76, 77, 78, 80, 90, 91], "excluded_lines": [], "start_line": 35}, "": {"executed_lines": [15, 17, 18, 20, 21, 23, 24, 27, 28, 29, 31, 32, 35, 38, 50, 61, 68, 82, 105], "summary": {"covered_lines": 19, "num_statements": 19, "percent_covered": 100.0, "percent_covered_display": "100", "missing_lines": 0, "excluded_lines": 0, "percent_statements_covered": 100.0, "percent_statements_covered_display": "100"}, "missing_lines": [], "excluded_lines": [], "start_line": 1}}}, "freshkeeper/ml/model.py": {"executed_lines": [23, 25, 26, 27, 30, 32, 35, 37, 40, 42, 48, 49, 52, 60, 61, 62, 63, 64, 65, 67, 68, 69, 72, 80, 81, 82, 83, 86, 113, 114, 116, 117, 119, 121, 124, 125, 126, 127, 129, 130, 131, 132, 133, 134, 136, 139, 150, 151, 152, 153, 154, 155, 156, 157, 158, 161, 162, 172, 175, 176, 181], "summary": {"covered_lines": 61, "num_statements": 61, "percent_covered": 100.0, "percent_covered_display": "100", "missing_lines": 0, "excluded_lines": 0, "percent_statements_covered": 100.0, "percent_statements_covered_display": "100"}, "missing_lines": [], "excluded_lines": [], "functions": {"build_backbone": {"executed_lines": [42, 48, 49], "summary": {"covered_lines": 3, "num_statements": 3, "percent_covered": 100.0, "percent_covered_display": "100", "missing_lines": 0, "excluded_lines": 0, "percent_statements_covered": 100.0, "percent_statements_covered_display": "100"}, "missing_lines": [], "excluded_lines": [], "start_line": 40}, "build_visual_cnn": {"executed_lines": [60, 61, 62, 63, 64, 65, 67, 68, 69], "summary": {"covered_lines": 9, "num_statements": 9, "percent_covered": 100.0, "percent_covered_display": "100", "missing_lines": 0, "excluded_lines": 0, "percent_statements_covered": 100.0, "percent_statements_covered_display": "100"}, "missing_lines": [], "excluded_lines": [], "start_line": 52}, "build_visual_head": {"executed_lines": [80, 81, 82, 83], "summary": {"covered_lines": 4, "num_statements": 4, "percent_covered": 100.0, "percent_covered_display": "100", "missing_lines": 0, "excluded_lines": 0, "percent_statements_covered": 100.0, "percent_statements_covered_display": "100"}, "missing_lines": [], "excluded_lines": [], "start_line": 72}, "build_fusion_model": {"executed_lines": [113, 114, 116, 117, 119, 121, 124, 125, 126, 127, 129, 130, 131, 132, 133, 134, 136], "summary": {"covered_lines": 17, "num_statements": 17, "percent_covered": 100.0, "percent_covered_display": "100", "missing_lines": 0, "excluded_lines": 0, "percent_statements_covered": 100.0, "percent_statements_covered_display": "100"}, "missing_lines": [], "excluded_lines": [], "start_line": 86}, "build_sensor_only_model": {"executed_lines": [150, 151, 152, 153, 154, 155, 156, 157, 158], "summary": {"covered_lines": 9, "num_statements": 9, "percent_covered": 100.0, "percent_covered_display": "100", "missing_lines": 0, "excluded_lines": 0, "percent_statements_covered": 100.0, "percent_statements_covered_display": "100"}, "missing_lines": [], "excluded_lines": [], "start_line": 139}, "compile_binary": {"executed_lines": [162, 172], "summary": {"covered_lines": 2, "num_statements": 2, "percent_covered": 100.0, "percent_covered_display": "100", "missing_lines": 0, "excluded_lines": 0, "percent_statements_covered": 100.0, "percent_statements_covered_display": "100"}, "missing_lines": [], "excluded_lines": [], "start_line": 161}, "compile_multiclass": {"executed_lines": [176, 181], "summary": {"covered_lines": 2, "num_statements": 2, "percent_covered": 100.0, "percent_covered_display": "100", "missing_lines": 0, "excluded_lines": 0, "percent_statements_covered": 100.0, "percent_statements_covered_display": "100"}, "missing_lines": [], "excluded_lines": [], "start_line": 175}, "": {"executed_lines": [23, 25, 26, 27, 30, 32, 35, 37, 40, 52, 72, 86, 139, 161, 175], "summary": {"covered_lines": 15, "num_statements": 15, "percent_covered": 100.0, "percent_covered_display": "100", "missing_lines": 0, "excluded_lines": 0, "percent_statements_covered": 100.0, "percent_statements_covered_display": "100"}, "missing_lines": [], "excluded_lines": [], "start_line": 1}}, "classes": {"": {"executed_lines": [23, 25, 26, 27, 30, 32, 35, 37, 40, 42, 48, 49, 52, 60, 61, 62, 63, 64, 65, 67, 68, 69, 72, 80, 81, 82, 83, 86, 113, 114, 116, 117, 119, 121, 124, 125, 126, 127, 129, 130, 131, 132, 133, 134, 136, 139, 150, 151, 152, 153, 154, 155, 156, 157, 158, 161, 162, 172, 175, 176, 181], "summary": {"covered_lines": 61, "num_statements": 61, "percent_covered": 100.0, "percent_covered_display": "100", "missing_lines": 0, "excluded_lines": 0, "percent_statements_covered": 100.0, "percent_statements_covered_display": "100"}, "missing_lines": [], "excluded_lines": [], "start_line": 1}}}, "freshkeeper/ml/sensor_corpus.py": {"executed_lines": [], "summary": {"covered_lines": 0, "num_statements": 108, "percent_covered": 0.0, "percent_covered_display": "0", "missing_lines": 108, "excluded_lines": 0, "percent_statements_covered": 0.0, "percent_statements_covered_display": "0"}, "missing_lines": [42, 44, 45, 46, 47, 48, 49, 51, 53, 54, 56, 60, 65, 67, 68, 69, 70, 71, 77, 81, 86, 94, 98, 101, 102, 103, 104, 111, 114, 115, 116, 117, 118, 119, 120, 121, 124, 132, 133, 134, 136, 137, 138, 140, 141, 143, 144, 145, 146, 148, 156, 157, 160, 161, 162, 164, 166, 168, 169, 170, 172, 173, 176, 177, 178, 179, 181, 184, 197, 198, 199, 200, 201, 204, 205, 206, 208, 209, 212, 213, 214, 217, 218, 219, 220, 221, 223, 224, 225, 227, 228, 229, 231, 232, 233, 235, 236, 237, 239, 240, 244, 247, 266, 267, 268, 269, 272, 273], "excluded_lines": [], "functions": {"sample_fridge": {"executed_lines": [], "summary": {"covered_lines": 0, "num_statements": 3, "percent_covered": 0.0, "percent_covered_display": "0", "missing_lines": 3, "excluded_lines": 0, "percent_statements_covered": 0.0, "percent_statements_covered_display": "0"}, "missing_lines": [102, 103, 104], "excluded_lines": [], "start_line": 101}, "quantise": {"executed_lines": [], "summary": {"covered_lines": 0, "num_statements": 8, "percent_covered": 0.0, "percent_covered_display": "0", "missing_lines": 8, "excluded_lines": 0, "percent_statements_covered": 0.0, "percent_statements_covered_display": "0"}, "missing_lines": [114, 115, 116, 117, 118, 119, 120, 121], "excluded_lines": [], "start_line": 111}, "build": {"executed_lines": [], "summary": {"covered_lines": 0, "num_statements": 30, "percent_covered": 0.0, "percent_covered_display": "0", "missing_lines": 30, "excluded_lines": 0, "percent_statements_covered": 0.0, "percent_statements_covered_display": "0"}, "missing_lines": [132, 133, 134, 136, 137, 138, 140, 141, 143, 144, 145, 146, 148, 156, 157, 160, 161, 162, 164, 166, 168, 169, 170, 172, 173, 176, 177, 178, 179, 181], "excluded_lines": [], "start_line": 124}, "_age_for_extent": {"executed_lines": [], "summary": {"covered_lines": 0, "num_statements": 10, "percent_covered": 0.0, "percent_covered_display": "0", "missing_lines": 10, "excluded_lines": 0, "percent_statements_covered": 0.0, "percent_statements_covered_display": "0"}, "missing_lines": [197, 198, 199, 200, 201, 204, 205, 206, 208, 209], "excluded_lines": [], "start_line": 184}, "_nominal_shelf_life_days": {"executed_lines": [], "summary": {"covered_lines": 0, "num_statements": 2, "percent_covered": 0.0, "percent_covered_display": "0", "missing_lines": 2, "excluded_lines": 0, "percent_statements_covered": 0.0, "percent_statements_covered_display": "0"}, "missing_lines": [213, 214], "excluded_lines": [], "start_line": 212}, "main": {"executed_lines": [], "summary": {"covered_lines": 0, "num_statements": 24, "percent_covered": 0.0, "percent_covered_display": "0", "missing_lines": 24, "excluded_lines": 0, "percent_statements_covered": 0.0, "percent_statements_covered_display": "0"}, "missing_lines": [218, 219, 220, 221, 223, 224, 225, 227, 228, 229, 231, 232, 233, 235, 236, 237, 239, 240, 244, 247, 266, 267, 268, 269], "excluded_lines": [], "start_line": 217}, "": {"executed_lines": [], "summary": {"covered_lines": 0, "num_statements": 31, "percent_covered": 0.0, "percent_covered_display": "0", "missing_lines": 31, "excluded_lines": 0, "percent_statements_covered": 0.0, "percent_statements_covered_display": "0"}, "missing_lines": [42, 44, 45, 46, 47, 48, 49, 51, 53, 54, 56, 60, 65, 67, 68, 69, 70, 71, 77, 81, 86, 94, 98, 101, 111, 124, 184, 212, 217, 272, 273], "excluded_lines": [], "start_line": 1}}, "classes": {"": {"executed_lines": [], "summary": {"covered_lines": 0, "num_statements": 108, "percent_covered": 0.0, "percent_covered_display": "0", "missing_lines": 108, "excluded_lines": 0, "percent_statements_covered": 0.0, "percent_statements_covered_display": "0"}, "missing_lines": [42, 44, 45, 46, 47, 48, 49, 51, 53, 54, 56, 60, 65, 67, 68, 69, 70, 71, 77, 81, 86, 94, 98, 101, 102, 103, 104, 111, 114, 115, 116, 117, 118, 119, 120, 121, 124, 132, 133, 134, 136, 137, 138, 140, 141, 143, 144, 145, 146, 148, 156, 157, 160, 161, 162, 164, 166, 168, 169, 170, 172, 173, 176, 177, 178, 179, 181, 184, 197, 198, 199, 200, 201, 204, 205, 206, 208, 209, 212, 213, 214, 217, 218, 219, 220, 221, 223, 224, 225, 227, 228, 229, 231, 232, 233, 235, 236, 237, 239, 240, 244, 247, 266, 267, 268, 269, 272, 273], "excluded_lines": [], "start_line": 1}}}, "freshkeeper/ml/train_cnn.py": {"executed_lines": [], "summary": {"covered_lines": 0, "num_statements": 102, "percent_covered": 0.0, "percent_covered_display": "0", "missing_lines": 102, "excluded_lines": 0, "percent_statements_covered": 0.0, "percent_statements_covered_display": "0"}, "missing_lines": [22, 24, 25, 26, 27, 28, 29, 31, 32, 33, 35, 37, 38, 39, 40, 41, 42, 43, 45, 46, 47, 48, 49, 52, 53, 54, 55, 58, 59, 60, 61, 62, 64, 65, 66, 68, 69, 70, 71, 73, 75, 76, 77, 78, 79, 80, 81, 88, 91, 93, 94, 96, 98, 100, 101, 102, 103, 104, 106, 107, 108, 110, 113, 114, 115, 117, 118, 119, 128, 129, 130, 135, 136, 139, 141, 142, 143, 144, 147, 148, 149, 151, 152, 153, 155, 156, 162, 163, 165, 166, 172, 173, 182, 183, 184, 186, 187, 188, 199, 200, 203, 204], "excluded_lines": [], "functions": {"load_split": {"executed_lines": [], "summary": {"covered_lines": 0, "num_statements": 3, "percent_covered": 0.0, "percent_covered_display": "0", "missing_lines": 3, "excluded_lines": 0, "percent_statements_covered": 0.0, "percent_statements_covered_display": "0"}, "missing_lines": [53, 54, 55], "excluded_lines": [], "start_line": 52}, "image_dataset": {"executed_lines": [], "summary": {"covered_lines": 0, "num_statements": 13, "percent_covered": 0.0, "percent_covered_display": "0", "missing_lines": 13, "excluded_lines": 0, "percent_statements_covered": 0.0, "percent_statements_covered_display": "0"}, "missing_lines": [59, 60, 61, 62, 64, 65, 66, 68, 73, 75, 76, 81, 88], "excluded_lines": [], "start_line": 58}, "image_dataset._load": {"executed_lines": [], "summary": {"covered_lines": 0, "num_statements": 3, "percent_covered": 0.0, "percent_covered_display": "0", "missing_lines": 3, "excluded_lines": 0, "percent_statements_covered": 0.0, "percent_statements_covered_display": "0"}, "missing_lines": [69, 70, 71], "excluded_lines": [], "start_line": 68}, "image_dataset._augment": {"executed_lines": [], "summary": {"covered_lines": 0, "num_statements": 4, "percent_covered": 0.0, "percent_covered_display": "0", "missing_lines": 4, "excluded_lines": 0, "percent_statements_covered": 0.0, "percent_statements_covered_display": "0"}, "missing_lines": [77, 78, 79, 80], "excluded_lines": [], "start_line": 76}, "main": {"executed_lines": [], "summary": {"covered_lines": 0, "num_statements": 51, "percent_covered": 0.0, "percent_covered_display": "0", "missing_lines": 51, "excluded_lines": 0, "percent_statements_covered": 0.0, "percent_statements_covered_display": "0"}, "missing_lines": [93, 94, 96, 98, 100, 101, 102, 103, 104, 106, 107, 108, 110, 113, 114, 115, 117, 118, 119, 128, 129, 130, 135, 136, 139, 141, 142, 143, 144, 147, 148, 149, 151, 152, 153, 155, 156, 162, 163, 165, 166, 172, 173, 182, 183, 184, 186, 187, 188, 199, 200], "excluded_lines": [], "start_line": 91}, "": {"executed_lines": [], "summary": {"covered_lines": 0, "num_statements": 28, "percent_covered": 0.0, "percent_covered_display": "0", "missing_lines": 28, "excluded_lines": 0, "percent_statements_covered": 0.0, "percent_statements_covered_display": "0"}, "missing_lines": [22, 24, 25, 26, 27, 28, 29, 31, 32, 33, 35, 37, 38, 39, 40, 41, 42, 43, 45, 46, 47, 48, 49, 52, 58, 91, 203, 204], "excluded_lines": [], "start_line": 1}}, "classes": {"": {"executed_lines": [], "summary": {"covered_lines": 0, "num_statements": 102, "percent_covered": 0.0, "percent_covered_display": "0", "missing_lines": 102, "excluded_lines": 0, "percent_statements_covered": 0.0, "percent_statements_covered_display": "0"}, "missing_lines": [22, 24, 25, 26, 27, 28, 29, 31, 32, 33, 35, 37, 38, 39, 40, 41, 42, 43, 45, 46, 47, 48, 49, 52, 53, 54, 55, 58, 59, 60, 61, 62, 64, 65, 66, 68, 69, 70, 71, 73, 75, 76, 77, 78, 79, 80, 81, 88, 91, 93, 94, 96, 98, 100, 101, 102, 103, 104, 106, 107, 108, 110, 113, 114, 115, 117, 118, 119, 128, 129, 130, 135, 136, 139, 141, 142, 143, 144, 147, 148, 149, 151, 152, 153, 155, 156, 162, 163, 165, 166, 172, 173, 182, 183, 184, 186, 187, 188, 199, 200, 203, 204], "excluded_lines": [], "start_line": 1}}}, "freshkeeper/ml/train_fusion.py": {"executed_lines": [], "summary": {"covered_lines": 0, "num_statements": 71, "percent_covered": 0.0, "percent_covered_display": "0", "missing_lines": 71, "excluded_lines": 0, "percent_statements_covered": 0.0, "percent_statements_covered_display": "0"}, "missing_lines": [20, 22, 23, 24, 25, 27, 28, 29, 31, 35, 36, 37, 38, 40, 41, 42, 45, 46, 53, 64, 65, 66, 67, 70, 72, 73, 74, 75, 76, 77, 78, 81, 82, 88, 89, 93, 94, 95, 97, 105, 106, 107, 108, 110, 111, 113, 114, 115, 116, 118, 119, 121, 122, 123, 124, 126, 127, 128, 131, 132, 134, 137, 138, 139, 141, 146, 147, 148, 149, 152, 153], "excluded_lines": [], "functions": {"load": {"executed_lines": [], "summary": {"covered_lines": 0, "num_statements": 1, "percent_covered": 0.0, "percent_covered_display": "0", "missing_lines": 1, "excluded_lines": 0, "percent_statements_covered": 0.0, "percent_statements_covered_display": "0"}, "missing_lines": [46], "excluded_lines": [], "start_line": 45}, "standardiser": {"executed_lines": [], "summary": {"covered_lines": 0, "num_statements": 4, "percent_covered": 0.0, "percent_covered_display": "0", "missing_lines": 4, "excluded_lines": 0, "percent_statements_covered": 0.0, "percent_statements_covered_display": "0"}, "missing_lines": [64, 65, 66, 67], "excluded_lines": [], "start_line": 53}, "build_vision_only": {"executed_lines": [], "summary": {"covered_lines": 0, "num_statements": 7, "percent_covered": 0.0, "percent_covered_display": "0", "missing_lines": 7, "excluded_lines": 0, "percent_statements_covered": 0.0, "percent_statements_covered_display": "0"}, "missing_lines": [72, 73, 74, 75, 76, 77, 78], "excluded_lines": [], "start_line": 70}, "fit": {"executed_lines": [], "summary": {"covered_lines": 0, "num_statements": 7, "percent_covered": 0.0, "percent_covered_display": "0", "missing_lines": 7, "excluded_lines": 0, "percent_statements_covered": 0.0, "percent_statements_covered_display": "0"}, "missing_lines": [82, 88, 89, 93, 94, 95, 97], "excluded_lines": [], "start_line": 81}, "main": {"executed_lines": [], "summary": {"covered_lines": 0, "num_statements": 29, "percent_covered": 0.0, "percent_covered_display": "0", "missing_lines": 29, "excluded_lines": 0, "percent_statements_covered": 0.0, "percent_statements_covered_display": "0"}, "missing_lines": [106, 107, 108, 110, 111, 113, 114, 115, 116, 118, 119, 121, 122, 123, 124, 126, 127, 128, 131, 132, 134, 137, 138, 139, 141, 146, 147, 148, 149], "excluded_lines": [], "start_line": 105}, "": {"executed_lines": [], "summary": {"covered_lines": 0, "num_statements": 23, "percent_covered": 0.0, "percent_covered_display": "0", "missing_lines": 23, "excluded_lines": 0, "percent_statements_covered": 0.0, "percent_statements_covered_display": "0"}, "missing_lines": [20, 22, 23, 24, 25, 27, 28, 29, 31, 35, 36, 37, 38, 40, 41, 42, 45, 53, 70, 81, 105, 152, 153], "excluded_lines": [], "start_line": 1}}, "classes": {"": {"executed_lines": [], "summary": {"covered_lines": 0, "num_statements": 71, "percent_covered": 0.0, "percent_covered_display": "0", "missing_lines": 71, "excluded_lines": 0, "percent_statements_covered": 0.0, "percent_statements_covered_display": "0"}, "missing_lines": [20, 22, 23, 24, 25, 27, 28, 29, 31, 35, 36, 37, 38, 40, 41, 42, 45, 46, 53, 64, 65, 66, 67, 70, 72, 73, 74, 75, 76, 77, 78, 81, 82, 88, 89, 93, 94, 95, 97, 105, 106, 107, 108, 110, 111, 113, 114, 115, 116, 118, 119, 121, 122, 123, 124, 126, 127, 128, 131, 132, 134, 137, 138, 139, 141, 146, 147, 148, 149, 152, 153], "excluded_lines": [], "start_line": 1}}}}, "totals": {"covered_lines": 801, "num_statements": 1541, "percent_covered": 51.97923426346528, "percent_covered_display": "52", "missing_lines": 740, "excluded_lines": 4, "percent_statements_covered": 51.97923426346528, "percent_statements_covered_display": "52"}}